<?xml version="1.0" encoding="UTF-8"?>
<testsuite xmlns:xsi="http://www.w3.org/2001/XMLSchema-instance" xsi:noNamespaceSchemaLocation="https://maven.apache.org/surefire/maven-surefire-plugin/xsd/surefire-test-report.xsd" version="3.0.2" name="com.UserRegistration.UserRegistrationApplicationTests" time="43.846" tests="1" errors="0" skipped="0" failures="0">
  <properties>
[...]
</properties>
  <testcase name="contextLoads" classname="com.UserRegistration.UserRegistrationApplicationTests" time="0.363">
    <system-out><![CDATA[08:08:39.868 [main] INFO org.springframework.test.context.support.AnnotationConfigContextLoaderUtils -- Could not detect default configuration classes for test class [com.UserRegistration.UserRegistrationApplicationTests]: UserRegistrationApplicationTests does not declare any static, non-private, non-final, nested classes annotated with @Configuration.
08:08:39.922 [main] INFO org.springframework.boot.test.context.SpringBootTestContextBootstrapper -- Found @SpringBootConfiguration com.UserRegistration.UserRegistrationApplication for test class com.UserRegistration.UserRegistrationApplicationTests

  .   ____          _            __ _ _
 /\\ / ___'_ __ _ _(_)_ __  __ _ \ \ \ \
( ( )\___ | '_ | '_| | '_ \/ _` | \ \ \ \
 \\/  ___)| |_)| | | | | || (_| |  ) ) ) )
  '  |____| .__|_| |_|_| |_\__, | / / / /
 =========|_|==============|___/=/_/_/_/

 :: Spring Boot ::       (v3.5.5-SNAPSHOT)

2025-09-23T08:08:40.260+05:30  INFO 20035 --- [UserRegistration] [           main] [                                                 ] c.U.UserRegistrationApplicationTests     : Starting UserRegistrationApplicationTests using Java 17.0.12 with PID 20035 (started by prasaddeore in /Users/prasaddeore/Documents/workspacePractice/UserRegistration)
2025-09-23T08:08:40.261+05:30  INFO 20035 --- [UserRegistration] [           main] [                                                 ] c.U.UserRegistrationApplicationTests     : No active profile set, falling back to 1 default profile: "default"
2025-09-23T08:08:40.780+05:30  INFO 20035 --- [UserRegistration] [           main] [                                                 ] .s.d.r.c.RepositoryConfigurationDelegate : Bootstrapping Spring Data JPA repositories in DEFAULT mode.
2025-09-23T08:08:40.849+05:30  INFO 20035 --- [UserRegistration] [           main] [                                                 ] .s.d.r.c.RepositoryConfigurationDelegate : Finished Spring Data repository scanning in 64 ms. Found 1 JPA repository interface.
2025-09-23T08:08:40.977+05:30  INFO 20035 --- [UserRegistration] [           main] [                                                 ] o.s.cloud.context.scope.GenericScope     : BeanFactory id=6c936078-aa58-375f-a379-2e4dfa90a127
2025-09-23T08:08:41.172+05:30  INFO 20035 --- [UserRegistration] [           main] [                                                 ] o.hibernate.jpa.internal.util.LogHelper  : HHH000204: Processing PersistenceUnitInfo [name: default]
2025-09-23T08:08:41.201+05:30  INFO 20035 --- [UserRegistration] [           main] [                                                 ] org.hibernate.Version                    : HHH000412: Hibernate ORM core version 6.6.26.Final
2025-09-23T08:08:41.220+05:30  INFO 20035 --- [UserRegistration] [           main] [                                                 ] o.h.c.internal.RegionFactoryInitiator    : HHH000026: Second-level cache disabled
2025-09-23T08:08:41.347+05:30  INFO 20035 --- [UserRegistration] [           main] [                                                 ] o.s.o.j.p.SpringPersistenceUnitInfo      : No LoadTimeWeaver setup: ignoring JPA class transformer
2025-09-23T08:08:41.361+05:30  INFO 20035 --- [UserRegistration] [           main] [                                                 ] com.zaxxer.hikari.HikariDataSource       : HikariPool-1 - Starting...
2025-09-23T08:08:41.577+05:30  INFO 20035 --- [UserRegistration] [           main] [                                                 ] com.zaxxer.hikari.pool.HikariPool        : HikariPool-1 - Added connection com.mysql.cj.jdbc.ConnectionImpl@6d7677d8
2025-09-23T08:08:41.578+05:30  INFO 20035 --- [UserRegistration] [           main] [                                                 ] com.zaxxer.hikari.HikariDataSource       : HikariPool-1 - Start completed.
2025-09-23T08:08:41.622+05:30  WARN 20035 --- [UserRegistration] [           main] [                                                 ] org.hibernate.orm.deprecation            : HHH90000025: MySQL8Dialect does not need to be specified explicitly using 'hibernate.dialect' (remove the property setting and it will be selected by default)
2025-09-23T08:08:41.622+05:30  WARN 20035 --- [UserRegistration] [           main] [                                                 ] org.hibernate.orm.deprecation            : HHH90000026: MySQL8Dialect has been deprecated; use org.hibernate.dialect.MySQLDialect instead
2025-09-23T08:08:41.635+05:30  INFO 20035 --- [UserRegistration] [           main] [                                                 ] org.hibernate.orm.connections.pooling    : HHH10001005: Database info:
	Database JDBC URL [Connecting through datasource 'HikariDataSource (HikariPool-1)']
	Database driver: undefined/unknown
	Database version: 8.0
	Autocommit mode: undefined/unknown
	Isolation level: undefined/unknown
	Minimum pool size: undefined/unknown
	Maximum pool size: undefined/unknown
2025-09-23T08:08:42.127+05:30  INFO 20035 --- [UserRegistration] [           main] [                                                 ] o.h.e.t.j.p.i.JtaPlatformInitiator       : HHH000489: No JTA platform available (set 'hibernate.transaction.jta.platform' to enable JTA platform integration)
2025-09-23T08:08:42.182+05:30  INFO 20035 --- [UserRegistration] [           main] [                                                 ] j.LocalContainerEntityManagerFactoryBean : Initialized JPA EntityManagerFactory for persistence unit 'default'
2025-09-23T08:08:42.385+05:30  WARN 20035 --- [UserRegistration] [           main] [                                                 ] JpaBaseConfiguration$JpaWebConfiguration : spring.jpa.open-in-view is enabled by default. Therefore, database queries may be performed during view rendering. Explicitly configure spring.jpa.open-in-view to disable this warning
2025-09-23T08:08:42.871+05:30  INFO 20035 --- [UserRegistration] [           main] [                                                 ] DiscoveryClientOptionalArgsConfiguration : Eureka HTTP Client uses RestTemplate.
2025-09-23T08:08:42.890+05:30  WARN 20035 --- [UserRegistration] [           main] [                                                 ] iguration$LoadBalancerCaffeineWarnLogger : Spring Cloud LoadBalancer is currently working with the default cache. While this cache implementation is useful for development and tests, it's recommended to use Caffeine cache in production.You can switch to using Caffeine cache, by adding it and org.springframework.cache.caffeine.CaffeineCacheManager to the classpath.
2025-09-23T08:08:42.893+05:30  INFO 20035 --- [UserRegistration] [           main] [                                                 ] o.s.b.a.e.web.EndpointLinksResolver      : Exposing 1 endpoint beneath base path '/actuator'
2025-09-23T08:08:42.932+05:30  INFO 20035 --- [UserRegistration] [           main] [                                                 ] o.a.k.clients.admin.AdminClientConfig    : AdminClientConfig values: 
	auto.include.jmx.reporter = true
	bootstrap.controllers = []
	bootstrap.servers = [localhost:9092]
	client.dns.lookup = use_all_dns_ips
	client.id = UserRegistration-admin-0
	connections.max.idle.ms = 300000
	default.api.timeout.ms = 60000
	enable.metrics.push = true
	metadata.max.age.ms = 300000
	metadata.recovery.strategy = none
	metric.reporters = []
	metrics.num.samples = 2
	metrics.recording.level = INFO
	metrics.sample.window.ms = 30000
	receive.buffer.bytes = 65536
	reconnect.backoff.max.ms = 1000
	reconnect.backoff.ms = 50
	request.timeout.ms = 30000
	retries = 2147483647
	retry.backoff.max.ms = 1000
	retry.backoff.ms = 100
	sasl.client.callback.handler.class = null
	sasl.jaas.config = null
	sasl.kerberos.kinit.cmd = /usr/bin/kinit
	sasl.kerberos.min.time.before.relogin = 60000
	sasl.kerberos.service.name = null
	sasl.kerberos.ticket.renew.jitter = 0.05
	sasl.kerberos.ticket.renew.window.factor = 0.8
	sasl.login.callback.handler.class = null
	sasl.login.class = null
	sasl.login.connect.timeout.ms = null
	sasl.login.read.timeout.ms = null
	sasl.login.refresh.buffer.seconds = 300
	sasl.login.refresh.min.period.seconds = 60
	sasl.login.refresh.window.factor = 0.8
	sasl.login.refresh.window.jitter = 0.05
	sasl.login.retry.backoff.max.ms = 10000
	sasl.login.retry.backoff.ms = 100
	sasl.mechanism = GSSAPI
	sasl.oauthbearer.clock.skew.seconds = 30
	sasl.oauthbearer.expected.audience = null
	sasl.oauthbearer.expected.issuer = null
	sasl.oauthbearer.header.urlencode = false
	sasl.oauthbearer.jwks.endpoint.refresh.ms = 3600000
	sasl.oauthbearer.jwks.endpoint.retry.backoff.max.ms = 10000
	sasl.oauthbearer.jwks.endpoint.retry.backoff.ms = 100
	sasl.oauthbearer.jwks.endpoint.url = null
	sasl.oauthbearer.scope.claim.name = scope
	sasl.oauthbearer.sub.claim.name = sub
	sasl.oauthbearer.token.endpoint.url = null
	security.protocol = PLAINTEXT
	security.providers = null
	send.buffer.bytes = 131072
	socket.connection.setup.timeout.max.ms = 30000
	socket.connection.setup.timeout.ms = 10000
	ssl.cipher.suites = null
	ssl.enabled.protocols = [TLSv1.2, TLSv1.3]
	ssl.endpoint.identification.algorithm = https
	ssl.engine.factory.class = null
	ssl.key.password = null
	ssl.keymanager.algorithm = SunX509
	ssl.keystore.certificate.chain = null
	ssl.keystore.key = null
	ssl.keystore.location = null
	ssl.keystore.password = null
	ssl.keystore.type = JKS
	ssl.protocol = TLSv1.3
	ssl.provider = null
	ssl.secure.random.implementation = null
	ssl.trustmanager.algorithm = PKIX
	ssl.truststore.certificates = null
	ssl.truststore.location = null
	ssl.truststore.password = null
	ssl.truststore.type = JKS

2025-09-23T08:08:42.983+05:30  INFO 20035 --- [UserRegistration] [           main] [                                                 ] o.a.kafka.common.utils.AppInfoParser     : Kafka version: 3.9.1
2025-09-23T08:08:42.983+05:30  INFO 20035 --- [UserRegistration] [           main] [                                                 ] o.a.kafka.common.utils.AppInfoParser     : Kafka commitId: f745dfdcee2b9851
2025-09-23T08:08:42.983+05:30  INFO 20035 --- [UserRegistration] [           main] [                                                 ] o.a.kafka.common.utils.AppInfoParser     : Kafka startTimeMs: 1758595122982
2025-09-23T08:08:42.991+05:30  INFO 20035 --- [UserRegistration] [tration-admin-0] [                                                 ] org.apache.kafka.clients.NetworkClient   : [AdminClient clientId=UserRegistration-admin-0] Node -1 disconnected.
2025-09-23T08:08:42.992+05:30  WARN 20035 --- [UserRegistration] [tration-admin-0] [                                                 ] org.apache.kafka.clients.NetworkClient   : [AdminClient clientId=UserRegistration-admin-0] Connection to node -1 (localhost/127.0.0.1:9092) could not be established. Node may not be available.
2025-09-23T08:08:43.094+05:30  INFO 20035 --- [UserRegistration] [tration-admin-0] [                                                 ] org.apache.kafka.clients.NetworkClient   : [AdminClient clientId=UserRegistration-admin-0] Node -1 disconnected.
2025-09-23T08:08:43.094+05:30  WARN 20035 --- [UserRegistration] [tration-admin-0] [                                                 ] org.apache.kafka.clients.NetworkClient   : [AdminClient clientId=UserRegistration-admin-0] Connection to node -1 (localhost/127.0.0.1:9092) could not be established. Node may not be available.
2025-09-23T08:08:43.196+05:30  INFO 20035 --- [UserRegistration] [tration-admin-0] [                                                 ] org.apache.kafka.clients.NetworkClient   : [AdminClient clientId=UserRegistration-admin-0] Node -1 disconnected.
2025-09-23T08:08:43.196+05:30  WARN 20035 --- [UserRegistration] [tration-admin-0] [                                                 ] org.apache.kafka.clients.NetworkClient   : [AdminClient clientId=UserRegistration-admin-0] Connection to node -1 (localhost/127.0.0.1:9092) could not be established. Node may not be available.
2025-09-23T08:08:43.399+05:30  INFO 20035 --- [UserRegistration] [tration-admin-0] [                                                 ] org.apache.kafka.clients.NetworkClient   : [AdminClient clientId=UserRegistration-admin-0] Node -1 disconnected.
2025-09-23T08:08:43.399+05:30  WARN 20035 --- [UserRegistration] [tration-admin-0] [                                                 ] org.apache.kafka.clients.NetworkClient   : [AdminClient clientId=UserRegistration-admin-0] Connection to node -1 (localhost/127.0.0.1:9092) could not be established. Node may not be available.
2025-09-23T08:08:43.804+05:30  INFO 20035 --- [UserRegistration] [tration-admin-0] [                                                 ] org.apache.kafka.clients.NetworkClient   : [AdminClient clientId=UserRegistration-admin-0] Node -1 disconnected.
2025-09-23T08:08:43.804+05:30  WARN 20035 --- [UserRegistration] [tration-admin-0] [                                                 ] org.apache.kafka.clients.NetworkClient   : [AdminClient clientId=UserRegistration-admin-0] Connection to node -1 (localhost/127.0.0.1:9092) could not be established. Node may not be available.
2025-09-23T08:08:44.717+05:30  INFO 20035 --- [UserRegistration] [tration-admin-0] [                                                 ] org.apache.kafka.clients.NetworkClient   : [AdminClient clientId=UserRegistration-admin-0] Node -1 disconnected.
2025-09-23T08:08:44.718+05:30  WARN 20035 --- [UserRegistration] [tration-admin-0] [                                                 ] org.apache.kafka.clients.NetworkClient   : [AdminClient clientId=UserRegistration-admin-0] Connection to node -1 (localhost/127.0.0.1:9092) could not be established. Node may not be available.
2025-09-23T08:08:45.734+05:30  INFO 20035 --- [UserRegistration] [tration-admin-0] [                                                 ] org.apache.kafka.clients.NetworkClient   : [AdminClient clientId=UserRegistration-admin-0] Node -1 disconnected.
2025-09-23T08:08:45.735+05:30  WARN 20035 --- [UserRegistration] [tration-admin-0] [                                                 ] org.apache.kafka.clients.NetworkClient   : [AdminClient clientId=UserRegistration-admin-0] Connection to node -1 (localhost/127.0.0.1:9092) could not be established. Node may not be available.
2025-09-23T08:08:46.649+05:30  INFO 20035 --- [UserRegistration] [tration-admin-0] [                                                 ] org.apache.kafka.clients.NetworkClient   : [AdminClient clientId=UserRegistration-admin-0] Node -1 disconnected.
2025-09-23T08:08:46.650+05:30  WARN 20035 --- [UserRegistration] [tration-admin-0] [                                                 ] org.apache.kafka.clients.NetworkClient   : [AdminClient clientId=UserRegistration-admin-0] Connection to node -1 (localhost/127.0.0.1:9092) could not be established. Node may not be available.
2025-09-23T08:08:47.664+05:30  INFO 20035 --- [UserRegistration] [tration-admin-0] [                                                 ] org.apache.kafka.clients.NetworkClient   : [AdminClient clientId=UserRegistration-admin-0] Node -1 disconnected.
2025-09-23T08:08:47.665+05:30  WARN 20035 --- [UserRegistration] [tration-admin-0] [                                                 ] org.apache.kafka.clients.NetworkClient   : [AdminClient clientId=UserRegistration-admin-0] Connection to node -1 (localhost/127.0.0.1:9092) could not be established. Node may not be available.
2025-09-23T08:08:48.678+05:30  INFO 20035 --- [UserRegistration] [tration-admin-0] [                                                 ] org.apache.kafka.clients.NetworkClient   : [AdminClient clientId=UserRegistration-admin-0] Node -1 disconnected.
2025-09-23T08:08:48.678+05:30  WARN 20035 --- [UserRegistration] [tration-admin-0] [                                                 ] org.apache.kafka.clients.NetworkClient   : [AdminClient clientId=UserRegistration-admin-0] Connection to node -1 (localhost/127.0.0.1:9092) could not be established. Node may not be available.
2025-09-23T08:08:49.489+05:30  INFO 20035 --- [UserRegistration] [tration-admin-0] [                                                 ] org.apache.kafka.clients.NetworkClient   : [AdminClient clientId=UserRegistration-admin-0] Node -1 disconnected.
2025-09-23T08:08:49.490+05:30  WARN 20035 --- [UserRegistration] [tration-admin-0] [                                                 ] org.apache.kafka.clients.NetworkClient   : [AdminClient clientId=UserRegistration-admin-0] Connection to node -1 (localhost/127.0.0.1:9092) could not be established. Node may not be available.
2025-09-23T08:08:50.501+05:30  INFO 20035 --- [UserRegistration] [tration-admin-0] [                                                 ] org.apache.kafka.clients.NetworkClient   : [AdminClient clientId=UserRegistration-admin-0] Node -1 disconnected.
2025-09-23T08:08:50.502+05:30  WARN 20035 --- [UserRegistration] [tration-admin-0] [                                                 ] org.apache.kafka.clients.NetworkClient   : [AdminClient clientId=UserRegistration-admin-0] Connection to node -1 (localhost/127.0.0.1:9092) could not be established. Node may not be available.
2025-09-23T08:08:51.513+05:30  INFO 20035 --- [UserRegistration] [tration-admin-0] [                                                 ] org.apache.kafka.clients.NetworkClient   : [AdminClient clientId=UserRegistration-admin-0] Node -1 disconnected.
2025-09-23T08:08:51.513+05:30  WARN 20035 --- [UserRegistration] [tration-admin-0] [                                                 ] org.apache.kafka.clients.NetworkClient   : [AdminClient clientId=UserRegistration-admin-0] Connection to node -1 (localhost/127.0.0.1:9092) could not be established. Node may not be available.
2025-09-23T08:08:52.526+05:30  INFO 20035 --- [UserRegistration] [tration-admin-0] [                                                 ] org.apache.kafka.clients.NetworkClient   : [AdminClient clientId=UserRegistration-admin-0] Node -1 disconnected.
2025-09-23T08:08:52.526+05:30  WARN 20035 --- [UserRegistration] [tration-admin-0] [                                                 ] org.apache.kafka.clients.NetworkClient   : [AdminClient clientId=UserRegistration-admin-0] Connection to node -1 (localhost/127.0.0.1:9092) could not be established. Node may not be available.
2025-09-23T08:08:53.540+05:30  INFO 20035 --- [UserRegistration] [tration-admin-0] [                                                 ] org.apache.kafka.clients.NetworkClient   : [AdminClient clientId=UserRegistration-admin-0] Node -1 disconnected.
2025-09-23T08:08:53.542+05:30  WARN 20035 --- [UserRegistration] [tration-admin-0] [                                                 ] org.apache.kafka.clients.NetworkClient   : [AdminClient clientId=UserRegistration-admin-0] Connection to node -1 (localhost/127.0.0.1:9092) could not be established. Node may not be available.
2025-09-23T08:08:54.556+05:30  INFO 20035 --- [UserRegistration] [tration-admin-0] [                                                 ] org.apache.kafka.clients.NetworkClient   : [AdminClient clientId=UserRegistration-admin-0] Node -1 disconnected.
2025-09-23T08:08:54.557+05:30  WARN 20035 --- [UserRegistration] [tration-admin-0] [                                                 ] org.apache.kafka.clients.NetworkClient   : [AdminClient clientId=UserRegistration-admin-0] Connection to node -1 (localhost/127.0.0.1:9092) could not be established. Node may not be available.
2025-09-23T08:08:55.572+05:30  INFO 20035 --- [UserRegistration] [tration-admin-0] [                                                 ] org.apache.kafka.clients.NetworkClient   : [AdminClient clientId=UserRegistration-admin-0] Node -1 disconnected.
2025-09-23T08:08:55.573+05:30  WARN 20035 --- [UserRegistration] [tration-admin-0] [                                                 ] org.apache.kafka.clients.NetworkClient   : [AdminClient clientId=UserRegistration-admin-0] Connection to node -1 (localhost/127.0.0.1:9092) could not be established. Node may not be available.
2025-09-23T08:08:56.485+05:30  INFO 20035 --- [UserRegistration] [tration-admin-0] [                                                 ] org.apache.kafka.clients.NetworkClient   : [AdminClient clientId=UserRegistration-admin-0] Node -1 disconnected.
2025-09-23T08:08:56.485+05:30  WARN 20035 --- [UserRegistration] [tration-admin-0] [                                                 ] org.apache.kafka.clients.NetworkClient   : [AdminClient clientId=UserRegistration-admin-0] Connection to node -1 (localhost/127.0.0.1:9092) could not be established. Node may not be available.
2025-09-23T08:08:57.499+05:30  INFO 20035 --- [UserRegistration] [tration-admin-0] [                                                 ] org.apache.kafka.clients.NetworkClient   : [AdminClient clientId=UserRegistration-admin-0] Node -1 disconnected.
2025-09-23T08:08:57.500+05:30  WARN 20035 --- [UserRegistration] [tration-admin-0] [                                                 ] org.apache.kafka.clients.NetworkClient   : [AdminClient clientId=UserRegistration-admin-0] Connection to node -1 (localhost/127.0.0.1:9092) could not be established. Node may not be available.
2025-09-23T08:08:58.511+05:30  INFO 20035 --- [UserRegistration] [tration-admin-0] [                                                 ] org.apache.kafka.clients.NetworkClient   : [AdminClient clientId=UserRegistration-admin-0] Node -1 disconnected.
2025-09-23T08:08:58.512+05:30  WARN 20035 --- [UserRegistration] [tration-admin-0] [                                                 ] org.apache.kafka.clients.NetworkClient   : [AdminClient clientId=UserRegistration-admin-0] Connection to node -1 (localhost/127.0.0.1:9092) could not be established. Node may not be available.
2025-09-23T08:08:59.524+05:30  INFO 20035 --- [UserRegistration] [tration-admin-0] [                                                 ] org.apache.kafka.clients.NetworkClient   : [AdminClient clientId=UserRegistration-admin-0] Node -1 disconnected.
2025-09-23T08:08:59.524+05:30  WARN 20035 --- [UserRegistration] [tration-admin-0] [                                                 ] org.apache.kafka.clients.NetworkClient   : [AdminClient clientId=UserRegistration-admin-0] Connection to node -1 (localhost/127.0.0.1:9092) could not be established. Node may not be available.
2025-09-23T08:09:00.436+05:30  INFO 20035 --- [UserRegistration] [tration-admin-0] [                                                 ] org.apache.kafka.clients.NetworkClient   : [AdminClient clientId=UserRegistration-admin-0] Node -1 disconnected.
2025-09-23T08:09:00.437+05:30  WARN 20035 --- [UserRegistration] [tration-admin-0] [                                                 ] org.apache.kafka.clients.NetworkClient   : [AdminClient clientId=UserRegistration-admin-0] Connection to node -1 (localhost/127.0.0.1:9092) could not be established. Node may not be available.
2025-09-23T08:09:01.449+05:30  INFO 20035 --- [UserRegistration] [tration-admin-0] [                                                 ] org.apache.kafka.clients.NetworkClient   : [AdminClient clientId=UserRegistration-admin-0] Node -1 disconnected.
2025-09-23T08:09:01.450+05:30  WARN 20035 --- [UserRegistration] [tration-admin-0] [                                                 ] org.apache.kafka.clients.NetworkClient   : [AdminClient clientId=UserRegistration-admin-0] Connection to node -1 (localhost/127.0.0.1:9092) could not be established. Node may not be available.
2025-09-23T08:09:02.363+05:30  INFO 20035 --- [UserRegistration] [tration-admin-0] [                                                 ] org.apache.kafka.clients.NetworkClient   : [AdminClient clientId=UserRegistration-admin-0] Node -1 disconnected.
2025-09-23T08:09:02.364+05:30  WARN 20035 --- [UserRegistration] [tration-admin-0] [                                                 ] org.apache.kafka.clients.NetworkClient   : [AdminClient clientId=UserRegistration-admin-0] Connection to node -1 (localhost/127.0.0.1:9092) could not be established. Node may not be available.
2025-09-23T08:09:03.377+05:30  INFO 20035 --- [UserRegistration] [tration-admin-0] [                                                 ] org.apache.kafka.clients.NetworkClient   : [AdminClient clientId=UserRegistration-admin-0] Node -1 disconnected.
2025-09-23T08:09:03.378+05:30  WARN 20035 --- [UserRegistration] [tration-admin-0] [                                                 ] org.apache.kafka.clients.NetworkClient   : [AdminClient clientId=UserRegistration-admin-0] Connection to node -1 (localhost/127.0.0.1:9092) could not be established. Node may not be available.
2025-09-23T08:09:04.389+05:30  INFO 20035 --- [UserRegistration] [tration-admin-0] [                                                 ] org.apache.kafka.clients.NetworkClient   : [AdminClient clientId=UserRegistration-admin-0] Node -1 disconnected.
2025-09-23T08:09:04.390+05:30  WARN 20035 --- [UserRegistration] [tration-admin-0] [                                                 ] org.apache.kafka.clients.NetworkClient   : [AdminClient clientId=UserRegistration-admin-0] Connection to node -1 (localhost/127.0.0.1:9092) could not be established. Node may not be available.
2025-09-23T08:09:05.402+05:30  INFO 20035 --- [UserRegistration] [tration-admin-0] [                                                 ] org.apache.kafka.clients.NetworkClient   : [AdminClient clientId=UserRegistration-admin-0] Node -1 disconnected.
2025-09-23T08:09:05.403+05:30  WARN 20035 --- [UserRegistration] [tration-admin-0] [                                                 ] org.apache.kafka.clients.NetworkClient   : [AdminClient clientId=UserRegistration-admin-0] Connection to node -1 (localhost/127.0.0.1:9092) could not be established. Node may not be available.
2025-09-23T08:09:06.314+05:30  INFO 20035 --- [UserRegistration] [tration-admin-0] [                                                 ] org.apache.kafka.clients.NetworkClient   : [AdminClient clientId=UserRegistration-admin-0] Node -1 disconnected.
2025-09-23T08:09:06.314+05:30  WARN 20035 --- [UserRegistration] [tration-admin-0] [                                                 ] org.apache.kafka.clients.NetworkClient   : [AdminClient clientId=UserRegistration-admin-0] Connection to node -1 (localhost/127.0.0.1:9092) could not be established. Node may not be available.
2025-09-23T08:09:07.328+05:30  INFO 20035 --- [UserRegistration] [tration-admin-0] [                                                 ] org.apache.kafka.clients.NetworkClient   : [AdminClient clientId=UserRegistration-admin-0] Node -1 disconnected.
2025-09-23T08:09:07.329+05:30  WARN 20035 --- [UserRegistration] [tration-admin-0] [                                                 ] org.apache.kafka.clients.NetworkClient   : [AdminClient clientId=UserRegistration-admin-0] Connection to node -1 (localhost/127.0.0.1:9092) could not be established. Node may not be available.
2025-09-23T08:09:08.342+05:30  INFO 20035 --- [UserRegistration] [tration-admin-0] [                                                 ] org.apache.kafka.clients.NetworkClient   : [AdminClient clientId=UserRegistration-admin-0] Node -1 disconnected.
2025-09-23T08:09:08.342+05:30  WARN 20035 --- [UserRegistration] [tration-admin-0] [                                                 ] org.apache.kafka.clients.NetworkClient   : [AdminClient clientId=UserRegistration-admin-0] Connection to node -1 (localhost/127.0.0.1:9092) could not be established. Node may not be available.
2025-09-23T08:09:09.355+05:30  INFO 20035 --- [UserRegistration] [tration-admin-0] [                                                 ] org.apache.kafka.clients.NetworkClient   : [AdminClient clientId=UserRegistration-admin-0] Node -1 disconnected.
2025-09-23T08:09:09.356+05:30  WARN 20035 --- [UserRegistration] [tration-admin-0] [                                                 ] org.apache.kafka.clients.NetworkClient   : [AdminClient clientId=UserRegistration-admin-0] Connection to node -1 (localhost/127.0.0.1:9092) could not be established. Node may not be available.
2025-09-23T08:09:10.367+05:30  INFO 20035 --- [UserRegistration] [tration-admin-0] [                                                 ] org.apache.kafka.clients.NetworkClient   : [AdminClient clientId=UserRegistration-admin-0] Node -1 disconnected.
2025-09-23T08:09:10.368+05:30  WARN 20035 --- [UserRegistration] [tration-admin-0] [                                                 ] org.apache.kafka.clients.NetworkClient   : [AdminClient clientId=UserRegistration-admin-0] Connection to node -1 (localhost/127.0.0.1:9092) could not be established. Node may not be available.
2025-09-23T08:09:11.382+05:30  INFO 20035 --- [UserRegistration] [tration-admin-0] [                                                 ] org.apache.kafka.clients.NetworkClient   : [AdminClient clientId=UserRegistration-admin-0] Node -1 disconnected.
2025-09-23T08:09:11.382+05:30  WARN 20035 --- [UserRegistration] [tration-admin-0] [                                                 ] org.apache.kafka.clients.NetworkClient   : [AdminClient clientId=UserRegistration-admin-0] Connection to node -1 (localhost/127.0.0.1:9092) could not be established. Node may not be available.
2025-09-23T08:09:12.398+05:30  INFO 20035 --- [UserRegistration] [tration-admin-0] [                                                 ] org.apache.kafka.clients.NetworkClient   : [AdminClient clientId=UserRegistration-admin-0] Node -1 disconnected.
2025-09-23T08:09:12.398+05:30  WARN 20035 --- [UserRegistration] [tration-admin-0] [                                                 ] org.apache.kafka.clients.NetworkClient   : [AdminClient clientId=UserRegistration-admin-0] Connection to node -1 (localhost/127.0.0.1:9092) could not be established. Node may not be available.
2025-09-23T08:09:12.986+05:30  INFO 20035 --- [UserRegistration] [tration-admin-0] [                                                 ] o.a.k.c.a.i.AdminMetadataManager         : [AdminClient clientId=UserRegistration-admin-0] Metadata update failed

org.apache.kafka.common.errors.TimeoutException: Timed out waiting for a node assignment. Call: fetchMetadata

2025-09-23T08:09:12.990+05:30 ERROR 20035 --- [UserRegistration] [           main] [                                                 ] o.springframework.kafka.core.KafkaAdmin  : Could not configure topics

java.util.concurrent.TimeoutException: null
	at java.base/java.util.concurrent.CompletableFuture.timedGet(CompletableFuture.java:1960) ~[na:na]
	at java.base/java.util.concurrent.CompletableFuture.get(CompletableFuture.java:2095) ~[na:na]
	at org.apache.kafka.common.internals.KafkaFutureImpl.get(KafkaFutureImpl.java:183) ~[kafka-clients-3.9.1.jar:na]
	at org.springframework.kafka.core.KafkaAdmin.updateClusterId(KafkaAdmin.java:305) ~[spring-kafka-3.3.9.jar:3.3.9]
	at org.springframework.kafka.core.KafkaAdmin.initialize(KafkaAdmin.java:276) ~[spring-kafka-3.3.9.jar:3.3.9]
	at org.springframework.kafka.core.KafkaAdmin.afterSingletonsInstantiated(KafkaAdmin.java:246) ~[spring-kafka-3.3.9.jar:3.3.9]
	at org.springframework.beans.factory.support.DefaultListableBeanFactory.preInstantiateSingletons(DefaultListableBeanFactory.java:1150) ~[spring-beans-6.2.10.jar:6.2.10]
	at org.springframework.context.support.AbstractApplicationContext.finishBeanFactoryInitialization(AbstractApplicationContext.java:987) ~[spring-context-6.2.10.jar:6.2.10]
	at org.springframework.context.support.AbstractApplicationContext.refresh(AbstractApplicationContext.java:627) ~[spring-context-6.2.10.jar:6.2.10]
	at org.springframework.boot.SpringApplication.refresh(SpringApplication.java:752) ~[spring-boot-3.5.5-SNAPSHOT.jar:3.5.5-SNAPSHOT]
	at org.springframework.boot.SpringApplication.refreshContext(SpringApplication.java:439) ~[spring-boot-3.5.5-SNAPSHOT.jar:3.5.5-SNAPSHOT]
	at org.springframework.boot.SpringApplication.run(SpringApplication.java:318) ~[spring-boot-3.5.5-SNAPSHOT.jar:3.5.5-SNAPSHOT]
	at org.springframework.boot.test.context.SpringBootContextLoader.lambda$loadContext$3(SpringBootContextLoader.java:144) ~[spring-boot-test-3.5.5-SNAPSHOT.jar:3.5.5-SNAPSHOT]
	at org.springframework.util.function.ThrowingSupplier.get(ThrowingSupplier.java:58) ~[spring-core-6.2.10.jar:6.2.10]
	at org.springframework.util.function.ThrowingSupplier.get(ThrowingSupplier.java:46) ~[spring-core-6.2.10.jar:6.2.10]
	at org.springframework.boot.SpringApplication.withHook(SpringApplication.java:1461) ~[spring-boot-3.5.5-SNAPSHOT.jar:3.5.5-SNAPSHOT]
	at org.springframework.boot.test.context.SpringBootContextLoader$ContextLoaderHook.run(SpringBootContextLoader.java:563) ~[spring-boot-test-3.5.5-SNAPSHOT.jar:3.5.5-SNAPSHOT]
	at org.springframework.boot.test.context.SpringBootContextLoader.loadContext(SpringBootContextLoader.java:144) ~[spring-boot-test-3.5.5-SNAPSHOT.jar:3.5.5-SNAPSHOT]
	at org.springframework.boot.test.context.SpringBootContextLoader.loadContext(SpringBootContextLoader.java:110) ~[spring-boot-test-3.5.5-SNAPSHOT.jar:3.5.5-SNAPSHOT]
	at org.springframework.test.context.cache.DefaultCacheAwareContextLoaderDelegate.loadContextInternal(DefaultCacheAwareContextLoaderDelegate.java:225) ~[spring-test-6.2.10.jar:6.2.10]
	at org.springframework.test.context.cache.DefaultCacheAwareContextLoaderDelegate.loadContext(DefaultCacheAwareContextLoaderDelegate.java:152) ~[spring-test-6.2.10.jar:6.2.10]
	at org.springframework.test.context.support.DefaultTestContext.getApplicationContext(DefaultTestContext.java:130) ~[spring-test-6.2.10.jar:6.2.10]
	at org.springframework.test.context.web.ServletTestExecutionListener.setUpRequestContextIfNecessary(ServletTestExecutionListener.java:200) ~[spring-test-6.2.10.jar:6.2.10]
	at org.springframework.test.context.web.ServletTestExecutionListener.prepareTestInstance(ServletTestExecutionListener.java:139) ~[spring-test-6.2.10.jar:6.2.10]
	at org.springframework.test.context.TestContextManager.prepareTestInstance(TestContextManager.java:260) ~[spring-test-6.2.10.jar:6.2.10]
	at org.springframework.test.context.junit.jupiter.SpringExtension.postProcessTestInstance(SpringExtension.java:159) ~[spring-test-6.2.10.jar:6.2.10]
	at org.junit.jupiter.engine.descriptor.ClassBasedTestDescriptor.lambda$invokeTestInstancePostProcessors$10(ClassBasedTestDescriptor.java:383) ~[junit-jupiter-engine-5.12.2.jar:5.12.2]
	at org.junit.jupiter.engine.descriptor.ClassBasedTestDescriptor.executeAndMaskThrowable(ClassBasedTestDescriptor.java:388) ~[junit-jupiter-engine-5.12.2.jar:5.12.2]
	at org.junit.jupiter.engine.descriptor.ClassBasedTestDescriptor.lambda$invokeTestInstancePostProcessors$11(ClassBasedTestDescriptor.java:382) ~[junit-jupiter-engine-5.12.2.jar:5.12.2]
	at java.base/java.util.stream.ForEachOps$ForEachOp$OfRef.accept(ForEachOps.java:183) ~[na:na]
	at java.base/java.util.stream.ReferencePipeline$3$1.accept(ReferencePipeline.java:197) ~[na:na]
	at java.base/java.util.stream.ReferencePipeline$2$1.accept(ReferencePipeline.java:179) ~[na:na]
	at java.base/java.util.stream.ReferencePipeline$3$1.accept(ReferencePipeline.java:197) ~[na:na]
	at java.base/java.util.ArrayList$ArrayListSpliterator.forEachRemaining(ArrayList.java:1625) ~[na:na]
	at java.base/java.util.stream.AbstractPipeline.copyInto(AbstractPipeline.java:509) ~[na:na]
	at java.base/java.util.stream.AbstractPipeline.wrapAndCopyInto(AbstractPipeline.java:499) ~[na:na]
	at java.base/java.util.stream.ForEachOps$ForEachOp.evaluateSequential(ForEachOps.java:150) ~[na:na]
	at java.base/java.util.stream.ForEachOps$ForEachOp$OfRef.evaluateSequential(ForEachOps.java:173) ~[na:na]
	at java.base/java.util.stream.AbstractPipeline.evaluate(AbstractPipeline.java:234) ~[na:na]
	at java.base/java.util.stream.ReferencePipeline.forEach(ReferencePipeline.java:596) ~[na:na]
	at org.junit.jupiter.engine.descriptor.ClassBasedTestDescriptor.invokeTestInstancePostProcessors(ClassBasedTestDescriptor.java:382) ~[junit-jupiter-engine-5.12.2.jar:5.12.2]
	at org.junit.jupiter.engine.descriptor.ClassBasedTestDescriptor.lambda$instantiateAndPostProcessTestInstance$6(ClassBasedTestDescriptor.java:293) ~[junit-jupiter-engine-5.12.2.jar:5.12.2]
	at org.junit.platform.engine.support.hierarchical.ThrowableCollector.execute(ThrowableCollector.java:73) ~[junit-platform-engine-1.12.2.jar:1.12.2]
	at org.junit.jupiter.engine.descriptor.ClassBasedTestDescriptor.instantiateAndPostProcessTestInstance(ClassBasedTestDescriptor.java:292) ~[junit-jupiter-engine-5.12.2.jar:5.12.2]
	at org.junit.jupiter.engine.descriptor.ClassBasedTestDescriptor.lambda$testInstancesProvider$4(ClassBasedTestDescriptor.java:281) ~[junit-jupiter-engine-5.12.2.jar:5.12.2]
	at java.base/java.util.Optional.orElseGet(Optional.java:364) ~[na:na]
	at org.junit.jupiter.engine.descriptor.ClassBasedTestDescriptor.lambda$testInstancesProvider$5(ClassBasedTestDescriptor.java:280) ~[junit-jupiter-engine-5.12.2.jar:5.12.2]
	at org.junit.jupiter.engine.execution.TestInstancesProvider.getTestInstances(TestInstancesProvider.java:27) ~[junit-jupiter-engine-5.12.2.jar:5.12.2]
	at org.junit.jupiter.engine.descriptor.TestMethodTestDescriptor.lambda$prepare$0(TestMethodTestDescriptor.java:112) ~[junit-jupiter-engine-5.12.2.jar:5.12.2]
	at org.junit.platform.engine.support.hierarchical.ThrowableCollector.execute(ThrowableCollector.java:73) ~[junit-platform-engine-1.12.2.jar:1.12.2]
	at org.junit.jupiter.engine.descriptor.TestMethodTestDescriptor.prepare(TestMethodTestDescriptor.java:111) ~[junit-jupiter-engine-5.12.2.jar:5.12.2]
	at org.junit.jupiter.engine.descriptor.TestMethodTestDescriptor.prepare(TestMethodTestDescriptor.java:69) ~[junit-jupiter-engine-5.12.2.jar:5.12.2]
	at org.junit.platform.engine.support.hierarchical.NodeTestTask.lambda$prepare$2(NodeTestTask.java:128) ~[junit-platform-engine-1.12.2.jar:1.12.2]
	at org.junit.platform.engine.support.hierarchical.ThrowableCollector.execute(ThrowableCollector.java:73) ~[junit-platform-engine-1.12.2.jar:1.12.2]
	at org.junit.platform.engine.support.hierarchical.NodeTestTask.prepare(NodeTestTask.java:128) ~[junit-platform-engine-1.12.2.jar:1.12.2]
	at org.junit.platform.engine.support.hierarchical.NodeTestTask.execute(NodeTestTask.java:95) ~[junit-platform-engine-1.12.2.jar:1.12.2]
	at java.base/java.util.ArrayList.forEach(ArrayList.java:1511) ~[na:na]
	at org.junit.platform.engine.support.hierarchical.SameThreadHierarchicalTestExecutorService.invokeAll(SameThreadHierarchicalTestExecutorService.java:41) ~[junit-platform-engine-1.12.2.jar:1.12.2]
	at org.junit.platform.engine.support.hierarchical.NodeTestTask.lambda$executeRecursively$6(NodeTestTask.java:160) ~[junit-platform-engine-1.12.2.jar:1.12.2]
	at org.junit.platform.engine.support.hierarchical.ThrowableCollector.execute(ThrowableCollector.java:73) ~[junit-platform-engine-1.12.2.jar:1.12.2]
	at org.junit.platform.engine.support.hierarchical.NodeTestTask.lambda$executeRecursively$8(NodeTestTask.java:146) ~[junit-platform-engine-1.12.2.jar:1.12.2]
	at org.junit.platform.engine.support.hierarchical.Node.around(Node.java:137) ~[junit-platform-engine-1.12.2.jar:1.12.2]
	at org.junit.platform.engine.support.hierarchical.NodeTestTask.lambda$executeRecursively$9(NodeTestTask.java:144) ~[junit-platform-engine-1.12.2.jar:1.12.2]
	at org.junit.platform.engine.support.hierarchical.ThrowableCollector.execute(ThrowableCollector.java:73) ~[junit-platform-engine-1.12.2.jar:1.12.2]
	at org.junit.platform.engine.support.hierarchical.NodeTestTask.executeRecursively(NodeTestTask.java:143) ~[junit-platform-engine-1.12.2.jar:1.12.2]
	at org.junit.platform.engine.support.hierarchical.NodeTestTask.execute(NodeTestTask.java:100) ~[junit-platform-engine-1.12.2.jar:1.12.2]
	at java.base/java.util.ArrayList.forEach(ArrayList.java:1511) ~[na:na]
	at org.junit.platform.engine.support.hierarchical.SameThreadHierarchicalTestExecutorService.invokeAll(SameThreadHierarchicalTestExecutorService.java:41) ~[junit-platform-engine-1.12.2.jar:1.12.2]
	at org.junit.platform.engine.support.hierarchical.NodeTestTask.lambda$executeRecursively$6(NodeTestTask.java:160) ~[junit-platform-engine-1.12.2.jar:1.12.2]
	at org.junit.platform.engine.support.hierarchical.ThrowableCollector.execute(ThrowableCollector.java:73) ~[junit-platform-engine-1.12.2.jar:1.12.2]
	at org.junit.platform.engine.support.hierarchical.NodeTestTask.lambda$executeRecursively$8(NodeTestTask.java:146) ~[junit-platform-engine-1.12.2.jar:1.12.2]
	at org.junit.platform.engine.support.hierarchical.Node.around(Node.java:137) ~[junit-platform-engine-1.12.2.jar:1.12.2]
	at org.junit.platform.engine.support.hierarchical.NodeTestTask.lambda$executeRecursively$9(NodeTestTask.java:144) ~[junit-platform-engine-1.12.2.jar:1.12.2]
	at org.junit.platform.engine.support.hierarchical.ThrowableCollector.execute(ThrowableCollector.java:73) ~[junit-platform-engine-1.12.2.jar:1.12.2]
	at org.junit.platform.engine.support.hierarchical.NodeTestTask.executeRecursively(NodeTestTask.java:143) ~[junit-platform-engine-1.12.2.jar:1.12.2]
	at org.junit.platform.engine.support.hierarchical.NodeTestTask.execute(NodeTestTask.java:100) ~[junit-platform-engine-1.12.2.jar:1.12.2]
	at org.junit.platform.engine.support.hierarchical.SameThreadHierarchicalTestExecutorService.submit(SameThreadHierarchicalTestExecutorService.java:35) ~[junit-platform-engine-1.12.2.jar:1.12.2]
	at org.junit.platform.engine.support.hierarchical.HierarchicalTestExecutor.execute(HierarchicalTestExecutor.java:57) ~[junit-platform-engine-1.12.2.jar:1.12.2]
	at org.junit.platform.engine.support.hierarchical.HierarchicalTestEngine.execute(HierarchicalTestEngine.java:54) ~[junit-platform-engine-1.12.2.jar:1.12.2]
	at org.junit.platform.launcher.core.EngineExecutionOrchestrator.execute(EngineExecutionOrchestrator.java:201) ~[junit-platform-launcher-1.12.2.jar:1.12.2]
	at org.junit.platform.launcher.core.EngineExecutionOrchestrator.execute(EngineExecutionOrchestrator.java:170) ~[junit-platform-launcher-1.12.2.jar:1.12.2]
	at org.junit.platform.launcher.core.EngineExecutionOrchestrator.execute(EngineExecutionOrchestrator.java:94) ~[junit-platform-launcher-1.12.2.jar:1.12.2]
	at org.junit.platform.launcher.core.EngineExecutionOrchestrator.lambda$execute$0(EngineExecutionOrchestrator.java:59) ~[junit-platform-launcher-1.12.2.jar:1.12.2]
	at org.junit.platform.launcher.core.EngineExecutionOrchestrator.withInterceptedStreams(EngineExecutionOrchestrator.java:142) ~[junit-platform-launcher-1.12.2.jar:1.12.2]
	at org.junit.platform.launcher.core.EngineExecutionOrchestrator.execute(EngineExecutionOrchestrator.java:58) ~[junit-platform-launcher-1.12.2.jar:1.12.2]
	at org.junit.platform.launcher.core.DefaultLauncher.execute(DefaultLauncher.java:103) ~[junit-platform-launcher-1.12.2.jar:1.12.2]
	at org.junit.platform.launcher.core.DefaultLauncher.execute(DefaultLauncher.java:85) ~[junit-platform-launcher-1.12.2.jar:1.12.2]
	at org.junit.platform.launcher.core.DelegatingLauncher.execute(DelegatingLauncher.java:47) ~[junit-platform-launcher-1.12.2.jar:1.12.2]
	at org.junit.platform.launcher.core.InterceptingLauncher.lambda$execute$1(InterceptingLauncher.java:39) ~[junit-platform-launcher-1.12.2.jar:1.12.2]
	at org.junit.platform.launcher.core.ClasspathAlignmentCheckingLauncherInterceptor.intercept(ClasspathAlignmentCheckingLauncherInterceptor.java:25) ~[junit-platform-launcher-1.12.2.jar:1.12.2]
	at org.junit.platform.launcher.core.InterceptingLauncher.execute(InterceptingLauncher.java:38) ~[junit-platform-launcher-1.12.2.jar:1.12.2]
	at org.junit.platform.launcher.core.DelegatingLauncher.execute(DelegatingLauncher.java:47) ~[junit-platform-launcher-1.12.2.jar:1.12.2]
	at org.apache.maven.surefire.junitplatform.LazyLauncher.execute(LazyLauncher.java:56) ~[surefire-junit-platform-3.5.3.jar:3.5.3]
	at org.apache.maven.surefire.junitplatform.JUnitPlatformProvider.execute(JUnitPlatformProvider.java:194) ~[surefire-junit-platform-3.5.3.jar:3.5.3]
	at org.apache.maven.surefire.junitplatform.JUnitPlatformProvider.invokeAllTests(JUnitPlatformProvider.java:150) ~[surefire-junit-platform-3.5.3.jar:3.5.3]
	at org.apache.maven.surefire.junitplatform.JUnitPlatformProvider.invoke(JUnitPlatformProvider.java:124) ~[surefire-junit-platform-3.5.3.jar:3.5.3]
	at org.apache.maven.surefire.booter.ForkedBooter.runSuitesInProcess(ForkedBooter.java:385) ~[surefire-booter-3.5.3.jar:3.5.3]
	at org.apache.maven.surefire.booter.ForkedBooter.execute(ForkedBooter.java:162) ~[surefire-booter-3.5.3.jar:3.5.3]
	at org.apache.maven.surefire.booter.ForkedBooter.run(ForkedBooter.java:507) ~[surefire-booter-3.5.3.jar:3.5.3]
	at org.apache.maven.surefire.booter.ForkedBooter.main(ForkedBooter.java:495) ~[surefire-booter-3.5.3.jar:3.5.3]

2025-09-23T08:09:13.404+05:30  INFO 20035 --- [UserRegistration] [tration-admin-0] [                                                 ] org.apache.kafka.clients.NetworkClient   : [AdminClient clientId=UserRegistration-admin-0] Node -1 disconnected.
2025-09-23T08:09:13.404+05:30  WARN 20035 --- [UserRegistration] [tration-admin-0] [                                                 ] org.apache.kafka.clients.NetworkClient   : [AdminClient clientId=UserRegistration-admin-0] Connection to node -1 (localhost/127.0.0.1:9092) could not be established. Node may not be available.
2025-09-23T08:09:14.316+05:30  INFO 20035 --- [UserRegistration] [tration-admin-0] [                                                 ] org.apache.kafka.clients.NetworkClient   : [AdminClient clientId=UserRegistration-admin-0] Node -1 disconnected.
2025-09-23T08:09:14.317+05:30  WARN 20035 --- [UserRegistration] [tration-admin-0] [                                                 ] org.apache.kafka.clients.NetworkClient   : [AdminClient clientId=UserRegistration-admin-0] Connection to node -1 (localhost/127.0.0.1:9092) could not be established. Node may not be available.
2025-09-23T08:09:15.330+05:30  INFO 20035 --- [UserRegistration] [tration-admin-0] [                                                 ] org.apache.kafka.clients.NetworkClient   : [AdminClient clientId=UserRegistration-admin-0] Node -1 disconnected.
2025-09-23T08:09:15.331+05:30  WARN 20035 --- [UserRegistration] [tration-admin-0] [                                                 ] org.apache.kafka.clients.NetworkClient   : [AdminClient clientId=UserRegistration-admin-0] Connection to node -1 (localhost/127.0.0.1:9092) could not be established. Node may not be available.
2025-09-23T08:09:16.343+05:30  INFO 20035 --- [UserRegistration] [tration-admin-0] [                                                 ] org.apache.kafka.clients.NetworkClient   : [AdminClient clientId=UserRegistration-admin-0] Node -1 disconnected.
2025-09-23T08:09:16.343+05:30  WARN 20035 --- [UserRegistration] [tration-admin-0] [                                                 ] org.apache.kafka.clients.NetworkClient   : [AdminClient clientId=UserRegistration-admin-0] Connection to node -1 (localhost/127.0.0.1:9092) could not be established. Node may not be available.
2025-09-23T08:09:17.360+05:30  INFO 20035 --- [UserRegistration] [tration-admin-0] [                                                 ] org.apache.kafka.clients.NetworkClient   : [AdminClient clientId=UserRegistration-admin-0] Node -1 disconnected.
2025-09-23T08:09:17.362+05:30  WARN 20035 --- [UserRegistration] [tration-admin-0] [                                                 ] org.apache.kafka.clients.NetworkClient   : [AdminClient clientId=UserRegistration-admin-0] Connection to node -1 (localhost/127.0.0.1:9092) could not be established. Node may not be available.
2025-09-23T08:09:18.185+05:30  INFO 20035 --- [UserRegistration] [tration-admin-0] [                                                 ] org.apache.kafka.clients.NetworkClient   : [AdminClient clientId=UserRegistration-admin-0] Node -1 disconnected.
2025-09-23T08:09:18.186+05:30  WARN 20035 --- [UserRegistration] [tration-admin-0] [                                                 ] org.apache.kafka.clients.NetworkClient   : [AdminClient clientId=UserRegistration-admin-0] Connection to node -1 (localhost/127.0.0.1:9092) could not be established. Node may not be available.
2025-09-23T08:09:19.198+05:30  INFO 20035 --- [UserRegistration] [tration-admin-0] [                                                 ] org.apache.kafka.clients.NetworkClient   : [AdminClient clientId=UserRegistration-admin-0] Node -1 disconnected.
2025-09-23T08:09:19.199+05:30  WARN 20035 --- [UserRegistration] [tration-admin-0] [                                                 ] org.apache.kafka.clients.NetworkClient   : [AdminClient clientId=UserRegistration-admin-0] Connection to node -1 (localhost/127.0.0.1:9092) could not be established. Node may not be available.
2025-09-23T08:09:20.213+05:30  INFO 20035 --- [UserRegistration] [tration-admin-0] [                                                 ] org.apache.kafka.clients.NetworkClient   : [AdminClient clientId=UserRegistration-admin-0] Node -1 disconnected.
2025-09-23T08:09:20.214+05:30  WARN 20035 --- [UserRegistration] [tration-admin-0] [                                                 ] org.apache.kafka.clients.NetworkClient   : [AdminClient clientId=UserRegistration-admin-0] Connection to node -1 (localhost/127.0.0.1:9092) could not be established. Node may not be available.
2025-09-23T08:09:21.225+05:30  INFO 20035 --- [UserRegistration] [tration-admin-0] [                                                 ] org.apache.kafka.clients.NetworkClient   : [AdminClient clientId=UserRegistration-admin-0] Node -1 disconnected.
2025-09-23T08:09:21.226+05:30  WARN 20035 --- [UserRegistration] [tration-admin-0] [                                                 ] org.apache.kafka.clients.NetworkClient   : [AdminClient clientId=UserRegistration-admin-0] Connection to node -1 (localhost/127.0.0.1:9092) could not be established. Node may not be available.
2025-09-23T08:09:22.140+05:30  INFO 20035 --- [UserRegistration] [tration-admin-0] [                                                 ] org.apache.kafka.clients.NetworkClient   : [AdminClient clientId=UserRegistration-admin-0] Node -1 disconnected.
2025-09-23T08:09:22.141+05:30  WARN 20035 --- [UserRegistration] [tration-admin-0] [                                                 ] org.apache.kafka.clients.NetworkClient   : [AdminClient clientId=UserRegistration-admin-0] Connection to node -1 (localhost/127.0.0.1:9092) could not be established. Node may not be available.
2025-09-23T08:09:23.001+05:30  INFO 20035 --- [UserRegistration] [tration-admin-0] [                                                 ] o.a.k.clients.admin.KafkaAdminClient     : [AdminClient clientId=UserRegistration-admin-0] Forcing a hard I/O thread shutdown. Requests in progress will be aborted.
2025-09-23T08:09:23.004+05:30  INFO 20035 --- [UserRegistration] [tration-admin-0] [                                                 ] o.a.kafka.common.utils.AppInfoParser     : App info kafka.admin.client for UserRegistration-admin-0 unregistered
2025-09-23T08:09:23.005+05:30  INFO 20035 --- [UserRegistration] [tration-admin-0] [                                                 ] o.a.k.c.a.i.AdminMetadataManager         : [AdminClient clientId=UserRegistration-admin-0] Metadata update failed

org.apache.kafka.common.errors.TimeoutException: The AdminClient thread has exited. Call: fetchMetadata

2025-09-23T08:09:23.007+05:30  INFO 20035 --- [UserRegistration] [tration-admin-0] [                                                 ] o.a.k.clients.admin.KafkaAdminClient     : [AdminClient clientId=UserRegistration-admin-0] Timed out 2 remaining operation(s) during close.
2025-09-23T08:09:23.014+05:30  INFO 20035 --- [UserRegistration] [tration-admin-0] [                                                 ] o.apache.kafka.common.metrics.Metrics    : Metrics scheduler closed
2025-09-23T08:09:23.014+05:30  INFO 20035 --- [UserRegistration] [tration-admin-0] [                                                 ] o.apache.kafka.common.metrics.Metrics    : Closing reporter org.apache.kafka.common.metrics.JmxReporter
2025-09-23T08:09:23.015+05:30  INFO 20035 --- [UserRegistration] [tration-admin-0] [                                                 ] o.apache.kafka.common.metrics.Metrics    : Metrics reporters closed
2025-09-23T08:09:23.053+05:30  INFO 20035 --- [UserRegistration] [           main] [                                                 ] o.s.c.n.eureka.InstanceInfoFactory       : Setting initial instance status as: STARTING
2025-09-23T08:09:23.075+05:30  INFO 20035 --- [UserRegistration] [           main] [                                                 ] com.netflix.discovery.DiscoveryClient    : Initializing Eureka in region us-east-1
2025-09-23T08:09:23.078+05:30  INFO 20035 --- [UserRegistration] [           main] [                                                 ] c.n.d.s.r.aws.ConfigClusterResolver      : Resolving eureka endpoints via configuration
2025-09-23T08:09:23.084+05:30  INFO 20035 --- [UserRegistration] [           main] [                                                 ] com.netflix.discovery.DiscoveryClient    : Disable delta property : false
2025-09-23T08:09:23.084+05:30  INFO 20035 --- [UserRegistration] [           main] [                                                 ] com.netflix.discovery.DiscoveryClient    : Single vip registry refresh property : null
2025-09-23T08:09:23.084+05:30  INFO 20035 --- [UserRegistration] [           main] [                                                 ] com.netflix.discovery.DiscoveryClient    : Force full registry fetch : false
2025-09-23T08:09:23.084+05:30  INFO 20035 --- [UserRegistration] [           main] [                                                 ] com.netflix.discovery.DiscoveryClient    : Application is null : false
2025-09-23T08:09:23.084+05:30  INFO 20035 --- [UserRegistration] [           main] [                                                 ] com.netflix.discovery.DiscoveryClient    : Registered Applications size is zero : true
2025-09-23T08:09:23.084+05:30  INFO 20035 --- [UserRegistration] [           main] [                                                 ] com.netflix.discovery.DiscoveryClient    : Application version is -1: true
2025-09-23T08:09:23.084+05:30  INFO 20035 --- [UserRegistration] [           main] [                                                 ] com.netflix.discovery.DiscoveryClient    : Getting all instance registry info from the eureka server
2025-09-23T08:09:23.236+05:30  INFO 20035 --- [UserRegistration] [           main] [                                                 ] c.n.d.s.t.d.RedirectingEurekaHttpClient  : Request execution error. endpoint=DefaultEndpoint{ serviceUrl='http://localhost:8760/eureka/}, exception=I/O error on GET request for "http://localhost:8760/eureka/apps/": Connect to http://localhost:8760 failed: Connection refused stacktrace=org.springframework.web.client.ResourceAccessException: I/O error on GET request for "http://localhost:8760/eureka/apps/": Connect to http://localhost:8760 failed: Connection refused
	at org.springframework.web.client.RestTemplate.createResourceAccessException(RestTemplate.java:926)
	at org.springframework.web.client.RestTemplate.doExecute(RestTemplate.java:906)
	at org.springframework.web.client.RestTemplate.execute(RestTemplate.java:841)
	at org.springframework.web.client.RestTemplate.exchange(RestTemplate.java:702)
	at org.springframework.cloud.netflix.eureka.http.RestTemplateEurekaHttpClient.getApplicationsInternal(RestTemplateEurekaHttpClient.java:174)
	at org.springframework.cloud.netflix.eureka.http.RestTemplateEurekaHttpClient.getApplications(RestTemplateEurekaHttpClient.java:162)
	at com.netflix.discovery.shared.transport.decorator.EurekaHttpClientDecorator$6.execute(EurekaHttpClientDecorator.java:137)
	at com.netflix.discovery.shared.transport.decorator.RedirectingEurekaHttpClient.executeOnNewServer(RedirectingEurekaHttpClient.java:121)
	at com.netflix.discovery.shared.transport.decorator.RedirectingEurekaHttpClient.execute(RedirectingEurekaHttpClient.java:80)
	at com.netflix.discovery.shared.transport.decorator.EurekaHttpClientDecorator.getApplications(EurekaHttpClientDecorator.java:134)
	at com.netflix.discovery.shared.transport.decorator.EurekaHttpClientDecorator$6.execute(EurekaHttpClientDecorator.java:137)
	at com.netflix.discovery.shared.transport.decorator.RetryableEurekaHttpClient.execute(RetryableEurekaHttpClient.java:120)
	at com.netflix.discovery.shared.transport.decorator.EurekaHttpClientDecorator.getApplications(EurekaHttpClientDecorator.java:134)
	at com.netflix.discovery.shared.transport.decorator.EurekaHttpClientDecorator$6.execute(EurekaHttpClientDecorator.java:137)
	at com.netflix.discovery.shared.transport.decorator.SessionedEurekaHttpClient.execute(SessionedEurekaHttpClient.java:76)
	at com.netflix.discovery.shared.transport.decorator.EurekaHttpClientDecorator.getApplications(EurekaHttpClientDecorator.java:134)
	at com.netflix.discovery.DiscoveryClient.getAndStoreFullRegistry(DiscoveryClient.java:1046)
	at com.netflix.discovery.DiscoveryClient.fetchRegistry(DiscoveryClient.java:961)
	at com.netflix.discovery.DiscoveryClient.<init>(DiscoveryClient.java:410)
	at com.netflix.discovery.DiscoveryClient.<init>(DiscoveryClient.java:245)
	at com.netflix.discovery.DiscoveryClient.<init>(DiscoveryClient.java:240)
	at org.springframework.cloud.netflix.eureka.CloudEurekaClient.<init>(CloudEurekaClient.java:68)
	at org.springframework.cloud.netflix.eureka.EurekaClientAutoConfiguration$RefreshableEurekaClientConfiguration.eurekaClient(EurekaClientAutoConfiguration.java:324)
	at java.base/jdk.internal.reflect.NativeMethodAccessorImpl.invoke0(Native Method)
	at java.base/jdk.internal.reflect.NativeMethodAccessorImpl.invoke(NativeMethodAccessorImpl.java:77)
	at java.base/jdk.internal.reflect.DelegatingMethodAccessorImpl.invoke(DelegatingMethodAccessorImpl.java:43)
	at java.base/java.lang.reflect.Method.invoke(Method.java:568)
	at org.springframework.beans.factory.support.SimpleInstantiationStrategy.lambda$instantiate$0(SimpleInstantiationStrategy.java:172)
	at org.springframework.beans.factory.support.SimpleInstantiationStrategy.instantiateWithFactoryMethod(SimpleInstantiationStrategy.java:89)
	at org.springframework.beans.factory.support.SimpleInstantiationStrategy.instantiate(SimpleInstantiationStrategy.java:169)
	at org.springframework.beans.factory.support.ConstructorResolver.instantiate(ConstructorResolver.java:653)
	at org.springframework.beans.factory.support.ConstructorResolver.instantiateUsingFactoryMethod(ConstructorResolver.java:645)
	at org.springframework.beans.factory.support.AbstractAutowireCapableBeanFactory.instantiateUsingFactoryMethod(AbstractAutowireCapableBeanFactory.java:1375)
	at org.springframework.beans.factory.support.AbstractAutowireCapableBeanFactory.createBeanInstance(AbstractAutowireCapableBeanFactory.java:1205)
	at org.springframework.beans.factory.support.AbstractAutowireCapableBeanFactory.doCreateBean(AbstractAutowireCapableBeanFactory.java:569)
	at org.springframework.beans.factory.support.AbstractAutowireCapableBeanFactory.createBean(AbstractAutowireCapableBeanFactory.java:529)
	at org.springframework.beans.factory.support.AbstractBeanFactory.lambda$doGetBean$1(AbstractBeanFactory.java:378)
	at org.springframework.cloud.context.scope.GenericScope$BeanLifecycleWrapper.getBean(GenericScope.java:373)
	at org.springframework.cloud.context.scope.GenericScope.get(GenericScope.java:177)
	at org.springframework.beans.factory.support.AbstractBeanFactory.doGetBean(AbstractBeanFactory.java:375)
	at org.springframework.beans.factory.support.AbstractBeanFactory.getBean(AbstractBeanFactory.java:202)
	at org.springframework.aop.target.SimpleBeanTargetSource.getTarget(SimpleBeanTargetSource.java:35)
	at org.springframework.cloud.netflix.eureka.serviceregistry.EurekaRegistration.getTargetObject(EurekaRegistration.java:128)
	at org.springframework.cloud.netflix.eureka.serviceregistry.EurekaRegistration.getEurekaClient(EurekaRegistration.java:116)
	at java.base/jdk.internal.reflect.NativeMethodAccessorImpl.invoke0(Native Method)
	at java.base/jdk.internal.reflect.NativeMethodAccessorImpl.invoke(NativeMethodAccessorImpl.java:77)
	at java.base/jdk.internal.reflect.DelegatingMethodAccessorImpl.invoke(DelegatingMethodAccessorImpl.java:43)
	at java.base/java.lang.reflect.Method.invoke(Method.java:568)
	at org.springframework.util.ReflectionUtils.invokeMethod(ReflectionUtils.java:281)
	at org.springframework.cloud.context.scope.GenericScope$LockedScopedProxyFactoryBean.invoke(GenericScope.java:480)
	at org.springframework.aop.framework.ReflectiveMethodInvocation.proceed(ReflectiveMethodInvocation.java:184)
	at org.springframework.aop.framework.CglibAopProxy$DynamicAdvisedInterceptor.intercept(CglibAopProxy.java:728)
	at org.springframework.cloud.netflix.eureka.serviceregistry.EurekaRegistration$$SpringCGLIB$$0.getEurekaClient(<generated>)
	at org.springframework.cloud.netflix.eureka.serviceregistry.EurekaServiceRegistry.maybeInitializeClient(EurekaServiceRegistry.java:83)
	at org.springframework.cloud.netflix.eureka.serviceregistry.EurekaServiceRegistry.register(EurekaServiceRegistry.java:66)
	at org.springframework.cloud.netflix.eureka.serviceregistry.EurekaAutoServiceRegistration.start(EurekaAutoServiceRegistration.java:89)
	at org.springframework.context.support.DefaultLifecycleProcessor.doStart(DefaultLifecycleProcessor.java:405)
	at org.springframework.context.support.DefaultLifecycleProcessor.doStart(DefaultLifecycleProcessor.java:394)
	at org.springframework.context.support.DefaultLifecycleProcessor$LifecycleGroup.start(DefaultLifecycleProcessor.java:586)
	at java.base/java.lang.Iterable.forEach(Iterable.java:75)
	at org.springframework.context.support.DefaultLifecycleProcessor.startBeans(DefaultLifecycleProcessor.java:364)
	at org.springframework.context.support.DefaultLifecycleProcessor.onRefresh(DefaultLifecycleProcessor.java:310)
	at org.springframework.context.support.AbstractApplicationContext.finishRefresh(AbstractApplicationContext.java:1006)
	at org.springframework.context.support.AbstractApplicationContext.refresh(AbstractApplicationContext.java:630)
	at org.springframework.boot.SpringApplication.refresh(SpringApplication.java:752)
	at org.springframework.boot.SpringApplication.refreshContext(SpringApplication.java:439)
	at org.springframework.boot.SpringApplication.run(SpringApplication.java:318)
	at org.springframework.boot.test.context.SpringBootContextLoader.lambda$loadContext$3(SpringBootContextLoader.java:144)
	at org.springframework.util.function.ThrowingSupplier.get(ThrowingSupplier.java:58)
	at org.springframework.util.function.ThrowingSupplier.get(ThrowingSupplier.java:46)
	at org.springframework.boot.SpringApplication.withHook(SpringApplication.java:1461)
	at org.springframework.boot.test.context.SpringBootContextLoader$ContextLoaderHook.run(SpringBootContextLoader.java:563)
	at org.springframework.boot.test.context.SpringBootContextLoader.loadContext(SpringBootContextLoader.java:144)
	at org.springframework.boot.test.context.SpringBootContextLoader.loadContext(SpringBootContextLoader.java:110)
	at org.springframework.test.context.cache.DefaultCacheAwareContextLoaderDelegate.loadContextInternal(DefaultCacheAwareContextLoaderDelegate.java:225)
	at org.springframework.test.context.cache.DefaultCacheAwareContextLoaderDelegate.loadContext(DefaultCacheAwareContextLoaderDelegate.java:152)
	at org.springframework.test.context.support.DefaultTestContext.getApplicationContext(DefaultTestContext.java:130)
	at org.springframework.test.context.web.ServletTestExecutionListener.setUpRequestContextIfNecessary(ServletTestExecutionListener.java:200)
	at org.springframework.test.context.web.ServletTestExecutionListener.prepareTestInstance(ServletTestExecutionListener.java:139)
	at org.springframework.test.context.TestContextManager.prepareTestInstance(TestContextManager.java:260)
	at org.springframework.test.context.junit.jupiter.SpringExtension.postProcessTestInstance(SpringExtension.java:159)
	at org.junit.jupiter.engine.descriptor.ClassBasedTestDescriptor.lambda$invokeTestInstancePostProcessors$10(ClassBasedTestDescriptor.java:383)
	at org.junit.jupiter.engine.descriptor.ClassBasedTestDescriptor.executeAndMaskThrowable(ClassBasedTestDescriptor.java:388)
	at org.junit.jupiter.engine.descriptor.ClassBasedTestDescriptor.lambda$invokeTestInstancePostProcessors$11(ClassBasedTestDescriptor.java:382)
	at java.base/java.util.stream.ForEachOps$ForEachOp$OfRef.accept(ForEachOps.java:183)
	at java.base/java.util.stream.ReferencePipeline$3$1.accept(ReferencePipeline.java:197)
	at java.base/java.util.stream.ReferencePipeline$2$1.accept(ReferencePipeline.java:179)
	at java.base/java.util.stream.ReferencePipeline$3$1.accept(ReferencePipeline.java:197)
	at java.base/java.util.ArrayList$ArrayListSpliterator.forEachRemaining(ArrayList.java:1625)
	at java.base/java.util.stream.AbstractPipeline.copyInto(AbstractPipeline.java:509)
	at java.base/java.util.stream.AbstractPipeline.wrapAndCopyInto(AbstractPipeline.java:499)
	at java.base/java.util.stream.ForEachOps$ForEachOp.evaluateSequential(ForEachOps.java:150)
	at java.base/java.util.stream.ForEachOps$ForEachOp$OfRef.evaluateSequential(ForEachOps.java:173)
	at java.base/java.util.stream.AbstractPipeline.evaluate(AbstractPipeline.java:234)
	at java.base/java.util.stream.ReferencePipeline.forEach(ReferencePipeline.java:596)
	at org.junit.jupiter.engine.descriptor.ClassBasedTestDescriptor.invokeTestInstancePostProcessors(ClassBasedTestDescriptor.java:382)
	at org.junit.jupiter.engine.descriptor.ClassBasedTestDescriptor.lambda$instantiateAndPostProcessTestInstance$6(ClassBasedTestDescriptor.java:293)
	at org.junit.platform.engine.support.hierarchical.ThrowableCollector.execute(ThrowableCollector.java:73)
	at org.junit.jupiter.engine.descriptor.ClassBasedTestDescriptor.instantiateAndPostProcessTestInstance(ClassBasedTestDescriptor.java:292)
	at org.junit.jupiter.engine.descriptor.ClassBasedTestDescriptor.lambda$testInstancesProvider$4(ClassBasedTestDescriptor.java:281)
	at java.base/java.util.Optional.orElseGet(Optional.java:364)
	at org.junit.jupiter.engine.descriptor.ClassBasedTestDescriptor.lambda$testInstancesProvider$5(ClassBasedTestDescriptor.java:280)
	at org.junit.jupiter.engine.execution.TestInstancesProvider.getTestInstances(TestInstancesProvider.java:27)
	at org.junit.jupiter.engine.descriptor.TestMethodTestDescriptor.lambda$prepare$0(TestMethodTestDescriptor.java:112)
	at org.junit.platform.engine.support.hierarchical.ThrowableCollector.execute(ThrowableCollector.java:73)
	at org.junit.jupiter.engine.descriptor.TestMethodTestDescriptor.prepare(TestMethodTestDescriptor.java:111)
	at org.junit.jupiter.engine.descriptor.TestMethodTestDescriptor.prepare(TestMethodTestDescriptor.java:69)
	at org.junit.platform.engine.support.hierarchical.NodeTestTask.lambda$prepare$2(NodeTestTask.java:128)
	at org.junit.platform.engine.support.hierarchical.ThrowableCollector.execute(ThrowableCollector.java:73)
	at org.junit.platform.engine.support.hierarchical.NodeTestTask.prepare(NodeTestTask.java:128)
	at org.junit.platform.engine.support.hierarchical.NodeTestTask.execute(NodeTestTask.java:95)
	at java.base/java.util.ArrayList.forEach(ArrayList.java:1511)
	at org.junit.platform.engine.support.hierarchical.SameThreadHierarchicalTestExecutorService.invokeAll(SameThreadHierarchicalTestExecutorService.java:41)
	at org.junit.platform.engine.support.hierarchical.NodeTestTask.lambda$executeRecursively$6(NodeTestTask.java:160)
	at org.junit.platform.engine.support.hierarchical.ThrowableCollector.execute(ThrowableCollector.java:73)
	at org.junit.platform.engine.support.hierarchical.NodeTestTask.lambda$executeRecursively$8(NodeTestTask.java:146)
	at org.junit.platform.engine.support.hierarchical.Node.around(Node.java:137)
	at org.junit.platform.engine.support.hierarchical.NodeTestTask.lambda$executeRecursively$9(NodeTestTask.java:144)
	at org.junit.platform.engine.support.hierarchical.ThrowableCollector.execute(ThrowableCollector.java:73)
	at org.junit.platform.engine.support.hierarchical.NodeTestTask.executeRecursively(NodeTestTask.java:143)
	at org.junit.platform.engine.support.hierarchical.NodeTestTask.execute(NodeTestTask.java:100)
	at java.base/java.util.ArrayList.forEach(ArrayList.java:1511)
	at org.junit.platform.engine.support.hierarchical.SameThreadHierarchicalTestExecutorService.invokeAll(SameThreadHierarchicalTestExecutorService.java:41)
	at org.junit.platform.engine.support.hierarchical.NodeTestTask.lambda$executeRecursively$6(NodeTestTask.java:160)
	at org.junit.platform.engine.support.hierarchical.ThrowableCollector.execute(ThrowableCollector.java:73)
	at org.junit.platform.engine.support.hierarchical.NodeTestTask.lambda$executeRecursively$8(NodeTestTask.java:146)
	at org.junit.platform.engine.support.hierarchical.Node.around(Node.java:137)
	at org.junit.platform.engine.support.hierarchical.NodeTestTask.lambda$executeRecursively$9(NodeTestTask.java:144)
	at org.junit.platform.engine.support.hierarchical.ThrowableCollector.execute(ThrowableCollector.java:73)
	at org.junit.platform.engine.support.hierarchical.NodeTestTask.executeRecursively(NodeTestTask.java:143)
	at org.junit.platform.engine.support.hierarchical.NodeTestTask.execute(NodeTestTask.java:100)
	at org.junit.platform.engine.support.hierarchical.SameThreadHierarchicalTestExecutorService.submit(SameThreadHierarchicalTestExecutorService.java:35)
	at org.junit.platform.engine.support.hierarchical.HierarchicalTestExecutor.execute(HierarchicalTestExecutor.java:57)
	at org.junit.platform.engine.support.hierarchical.HierarchicalTestEngine.execute(HierarchicalTestEngine.java:54)
	at org.junit.platform.launcher.core.EngineExecutionOrchestrator.execute(EngineExecutionOrchestrator.java:201)
	at org.junit.platform.launcher.core.EngineExecutionOrchestrator.execute(EngineExecutionOrchestrator.java:170)
	at org.junit.platform.launcher.core.EngineExecutionOrchestrator.execute(EngineExecutionOrchestrator.java:94)
	at org.junit.platform.launcher.core.EngineExecutionOrchestrator.lambda$execute$0(EngineExecutionOrchestrator.java:59)
	at org.junit.platform.launcher.core.EngineExecutionOrchestrator.withInterceptedStreams(EngineExecutionOrchestrator.java:142)
	at org.junit.platform.launcher.core.EngineExecutionOrchestrator.execute(EngineExecutionOrchestrator.java:58)
	at org.junit.platform.launcher.core.DefaultLauncher.execute(DefaultLauncher.java:103)
	at org.junit.platform.launcher.core.DefaultLauncher.execute(DefaultLauncher.java:85)
	at org.junit.platform.launcher.core.DelegatingLauncher.execute(DelegatingLauncher.java:47)
	at org.junit.platform.launcher.core.InterceptingLauncher.lambda$execute$1(InterceptingLauncher.java:39)
	at org.junit.platform.launcher.core.ClasspathAlignmentCheckingLauncherInterceptor.intercept(ClasspathAlignmentCheckingLauncherInterceptor.java:25)
	at org.junit.platform.launcher.core.InterceptingLauncher.execute(InterceptingLauncher.java:38)
	at org.junit.platform.launcher.core.DelegatingLauncher.execute(DelegatingLauncher.java:47)
	at org.apache.maven.surefire.junitplatform.LazyLauncher.execute(LazyLauncher.java:56)
	at org.apache.maven.surefire.junitplatform.JUnitPlatformProvider.execute(JUnitPlatformProvider.java:194)
	at org.apache.maven.surefire.junitplatform.JUnitPlatformProvider.invokeAllTests(JUnitPlatformProvider.java:150)
	at org.apache.maven.surefire.junitplatform.JUnitPlatformProvider.invoke(JUnitPlatformProvider.java:124)
	at org.apache.maven.surefire.booter.ForkedBooter.runSuitesInProcess(ForkedBooter.java:385)
	at org.apache.maven.surefire.booter.ForkedBooter.execute(ForkedBooter.java:162)
	at org.apache.maven.surefire.booter.ForkedBooter.run(ForkedBooter.java:507)
	at org.apache.maven.surefire.booter.ForkedBooter.main(ForkedBooter.java:495)
Caused by: org.apache.hc.client5.http.HttpHostConnectException: Connect to http://localhost:8760 failed: Connection refused
	at java.base/sun.nio.ch.Net.pollConnect(Native Method)
	at java.base/sun.nio.ch.Net.pollConnectNow(Net.java:672)
	at java.base/sun.nio.ch.NioSocketImpl.timedFinishConnect(NioSocketImpl.java:554)
	at java.base/sun.nio.ch.NioSocketImpl.connect(NioSocketImpl.java:602)
	at java.base/java.net.SocksSocketImpl.connect(SocksSocketImpl.java:327)
	at java.base/java.net.Socket.connect(Socket.java:633)
	at org.apache.hc.client5.http.impl.io.DefaultHttpClientConnectionOperator.connect(DefaultHttpClientConnectionOperator.java:205)
	at org.apache.hc.client5.http.impl.io.PoolingHttpClientConnectionManager.connect(PoolingHttpClientConnectionManager.java:490)
	at org.apache.hc.client5.http.impl.classic.InternalExecRuntime.connectEndpoint(InternalExecRuntime.java:164)
	at org.apache.hc.client5.http.impl.classic.InternalExecRuntime.connectEndpoint(InternalExecRuntime.java:174)
	at org.apache.hc.client5.http.impl.classic.ConnectExec.execute(ConnectExec.java:144)
	at org.apache.hc.client5.http.impl.classic.ExecChainElement.execute(ExecChainElement.java:51)
	at org.apache.hc.client5.http.impl.classic.ProtocolExec.execute(ProtocolExec.java:195)
	at org.apache.hc.client5.http.impl.classic.ExecChainElement.execute(ExecChainElement.java:51)
	at org.apache.hc.client5.http.impl.classic.ContentCompressionExec.execute(ContentCompressionExec.java:150)
	at org.apache.hc.client5.http.impl.classic.ExecChainElement.execute(ExecChainElement.java:51)
	at org.apache.hc.client5.http.impl.classic.HttpRequestRetryExec.execute(HttpRequestRetryExec.java:113)
	at org.apache.hc.client5.http.impl.classic.ExecChainElement.execute(ExecChainElement.java:51)
	at org.apache.hc.client5.http.impl.classic.RedirectExec.execute(RedirectExec.java:110)
	at org.apache.hc.client5.http.impl.classic.ExecChainElement.execute(ExecChainElement.java:51)
	at org.apache.hc.client5.http.impl.classic.InternalHttpClient.doExecute(InternalHttpClient.java:185)
	at org.apache.hc.client5.http.impl.classic.CloseableHttpClient.execute(CloseableHttpClient.java:87)
	at org.apache.hc.client5.http.impl.classic.CloseableHttpClient.execute(CloseableHttpClient.java:55)
	at org.apache.hc.client5.http.classic.HttpClient.executeOpen(HttpClient.java:183)
	at org.springframework.http.client.HttpComponentsClientHttpRequest.executeInternal(HttpComponentsClientHttpRequest.java:99)
	at org.springframework.http.client.AbstractStreamingClientHttpRequest.executeInternal(AbstractStreamingClientHttpRequest.java:71)
	at org.springframework.http.client.AbstractClientHttpRequest.execute(AbstractClientHttpRequest.java:81)
	at org.springframework.http.client.InterceptingClientHttpRequest$InterceptingRequestExecution.execute(InterceptingClientHttpRequest.java:117)
	at org.springframework.cloud.netflix.eureka.http.RestTemplateTransportClientFactory.lambda$restTemplate$2(RestTemplateTransportClientFactory.java:145)
	at org.springframework.http.client.InterceptingClientHttpRequest$InterceptingRequestExecution.execute(InterceptingClientHttpRequest.java:88)
	at org.springframework.http.client.InterceptingClientHttpRequest.executeInternal(InterceptingClientHttpRequest.java:72)
	at org.springframework.http.client.AbstractBufferingClientHttpRequest.executeInternal(AbstractBufferingClientHttpRequest.java:48)
	at org.springframework.http.client.AbstractClientHttpRequest.execute(AbstractClientHttpRequest.java:81)
	at org.springframework.web.client.RestTemplate.doExecute(RestTemplate.java:900)
	... 153 more

2025-09-23T08:09:23.236+05:30  WARN 20035 --- [UserRegistration] [           main] [                                                 ] c.n.d.s.t.d.RetryableEurekaHttpClient    : Request execution failed with message: I/O error on GET request for "http://localhost:8760/eureka/apps/": Connect to http://localhost:8760 failed: Connection refused
2025-09-23T08:09:23.236+05:30  INFO 20035 --- [UserRegistration] [           main] [                                                 ] com.netflix.discovery.DiscoveryClient    : DiscoveryClient_USERREGISTRATION/192.168.0.102:UserRegistration:8761 - was unable to refresh its cache! This periodic background refresh will be retried in 30 seconds. status = Cannot execute request on any known server stacktrace = com.netflix.discovery.shared.transport.TransportException: Cannot execute request on any known server
	at com.netflix.discovery.shared.transport.decorator.RetryableEurekaHttpClient.execute(RetryableEurekaHttpClient.java:112)
	at com.netflix.discovery.shared.transport.decorator.EurekaHttpClientDecorator.getApplications(EurekaHttpClientDecorator.java:134)
	at com.netflix.discovery.shared.transport.decorator.EurekaHttpClientDecorator$6.execute(EurekaHttpClientDecorator.java:137)
	at com.netflix.discovery.shared.transport.decorator.SessionedEurekaHttpClient.execute(SessionedEurekaHttpClient.java:76)
	at com.netflix.discovery.shared.transport.decorator.EurekaHttpClientDecorator.getApplications(EurekaHttpClientDecorator.java:134)
	at com.netflix.discovery.DiscoveryClient.getAndStoreFullRegistry(DiscoveryClient.java:1046)
	at com.netflix.discovery.DiscoveryClient.fetchRegistry(DiscoveryClient.java:961)
	at com.netflix.discovery.DiscoveryClient.<init>(DiscoveryClient.java:410)
	at com.netflix.discovery.DiscoveryClient.<init>(DiscoveryClient.java:245)
	at com.netflix.discovery.DiscoveryClient.<init>(DiscoveryClient.java:240)
	at org.springframework.cloud.netflix.eureka.CloudEurekaClient.<init>(CloudEurekaClient.java:68)
	at org.springframework.cloud.netflix.eureka.EurekaClientAutoConfiguration$RefreshableEurekaClientConfiguration.eurekaClient(EurekaClientAutoConfiguration.java:324)
	at java.base/jdk.internal.reflect.NativeMethodAccessorImpl.invoke0(Native Method)
	at java.base/jdk.internal.reflect.NativeMethodAccessorImpl.invoke(NativeMethodAccessorImpl.java:77)
	at java.base/jdk.internal.reflect.DelegatingMethodAccessorImpl.invoke(DelegatingMethodAccessorImpl.java:43)
	at java.base/java.lang.reflect.Method.invoke(Method.java:568)
	at org.springframework.beans.factory.support.SimpleInstantiationStrategy.lambda$instantiate$0(SimpleInstantiationStrategy.java:172)
	at org.springframework.beans.factory.support.SimpleInstantiationStrategy.instantiateWithFactoryMethod(SimpleInstantiationStrategy.java:89)
	at org.springframework.beans.factory.support.SimpleInstantiationStrategy.instantiate(SimpleInstantiationStrategy.java:169)
	at org.springframework.beans.factory.support.ConstructorResolver.instantiate(ConstructorResolver.java:653)
	at org.springframework.beans.factory.support.ConstructorResolver.instantiateUsingFactoryMethod(ConstructorResolver.java:645)
	at org.springframework.beans.factory.support.AbstractAutowireCapableBeanFactory.instantiateUsingFactoryMethod(AbstractAutowireCapableBeanFactory.java:1375)
	at org.springframework.beans.factory.support.AbstractAutowireCapableBeanFactory.createBeanInstance(AbstractAutowireCapableBeanFactory.java:1205)
	at org.springframework.beans.factory.support.AbstractAutowireCapableBeanFactory.doCreateBean(AbstractAutowireCapableBeanFactory.java:569)
	at org.springframework.beans.factory.support.AbstractAutowireCapableBeanFactory.createBean(AbstractAutowireCapableBeanFactory.java:529)
	at org.springframework.beans.factory.support.AbstractBeanFactory.lambda$doGetBean$1(AbstractBeanFactory.java:378)
	at org.springframework.cloud.context.scope.GenericScope$BeanLifecycleWrapper.getBean(GenericScope.java:373)
	at org.springframework.cloud.context.scope.GenericScope.get(GenericScope.java:177)
[...]
	at org.junit.platform.engine.support.hierarchical.ThrowableCollector.execute(ThrowableCollector.java:73)
	at org.junit.jupiter.engine.descriptor.ClassBasedTestDescriptor.instantiateAndPostProcessTestInstance(ClassBasedTestDescriptor.java:292)
	at org.junit.jupiter.engine.descriptor.ClassBasedTestDescriptor.lambda$testInstancesProvider$4(ClassBasedTestDescriptor.java:281)
	at java.base/java.util.Optional.orElseGet(Optional.java:364)
	at org.junit.jupiter.engine.descriptor.ClassBasedTestDescriptor.lambda$testInstancesProvider$5(ClassBasedTestDescriptor.java:280)
	at org.junit.jupiter.engine.execution.TestInstancesProvider.getTestInstances(TestInstancesProvider.java:27)
	at org.junit.jupiter.engine.descriptor.TestMethodTestDescriptor.lambda$prepare$0(TestMethodTestDescriptor.java:112)
	at org.junit.platform.engine.support.hierarchical.ThrowableCollector.execute(ThrowableCollector.java:73)
	at org.junit.jupiter.engine.descriptor.TestMethodTestDescriptor.prepare(TestMethodTestDescriptor.java:111)
	at org.junit.jupiter.engine.descriptor.TestMethodTestDescriptor.prepare(TestMethodTestDescriptor.java:69)
	at org.junit.platform.engine.support.hierarchical.NodeTestTask.lambda$prepare$2(NodeTestTask.java:128)
	at org.junit.platform.engine.support.hierarchical.ThrowableCollector.execute(ThrowableCollector.java:73)
	at org.junit.platform.engine.support.hierarchical.NodeTestTask.prepare(NodeTestTask.java:128)
	at org.junit.platform.engine.support.hierarchical.NodeTestTask.execute(NodeTestTask.java:95)
	at java.base/java.util.ArrayList.forEach(ArrayList.java:1511)
	at org.junit.platform.engine.support.hierarchical.SameThreadHierarchicalTestExecutorService.invokeAll(SameThreadHierarchicalTestExecutorService.java:41)
	at org.junit.platform.engine.support.hierarchical.NodeTestTask.lambda$executeRecursively$6(NodeTestTask.java:160)
	at org.junit.platform.engine.support.hierarchical.ThrowableCollector.execute(ThrowableCollector.java:73)
	at org.junit.platform.engine.support.hierarchical.NodeTestTask.lambda$executeRecursively$8(NodeTestTask.java:146)
	at org.junit.platform.engine.support.hierarchical.Node.around(Node.java:137)
	at org.junit.platform.engine.support.hierarchical.NodeTestTask.lambda$executeRecursively$9(NodeTestTask.java:144)
	at org.junit.platform.engine.support.hierarchical.ThrowableCollector.execute(ThrowableCollector.java:73)
	at org.junit.platform.engine.support.hierarchical.NodeTestTask.executeRecursively(NodeTestTask.java:143)
	at org.junit.platform.engine.support.hierarchical.NodeTestTask.execute(NodeTestTask.java:100)
	at java.base/java.util.ArrayList.forEach(ArrayList.java:1511)
	at org.junit.platform.engine.support.hierarchical.SameThreadHierarchicalTestExecutorService.invokeAll(SameThreadHierarchicalTestExecutorService.java:41)
	at org.junit.platform.engine.support.hierarchical.NodeTestTask.lambda$executeRecursively$6(NodeTestTask.java:160)
	at org.junit.platform.engine.support.hierarchical.ThrowableCollector.execute(ThrowableCollector.java:73)
	at org.junit.platform.engine.support.hierarchical.NodeTestTask.lambda$executeRecursively$8(NodeTestTask.java:146)
	at org.junit.platform.engine.support.hierarchical.Node.around(Node.java:137)
	at org.junit.platform.engine.support.hierarchical.NodeTestTask.lambda$executeRecursively$9(NodeTestTask.java:144)
	at org.junit.platform.engine.support.hierarchical.ThrowableCollector.execute(ThrowableCollector.java:73)
	at org.junit.platform.engine.support.hierarchical.NodeTestTask.executeRecursively(NodeTestTask.java:143)
	at org.junit.platform.engine.support.hierarchical.NodeTestTask.execute(NodeTestTask.java:100)
	at org.junit.platform.engine.support.hierarchical.SameThreadHierarchicalTestExecutorService.submit(SameThreadHierarchicalTestExecutorService.java:35)
	at org.junit.platform.engine.support.hierarchical.HierarchicalTestExecutor.execute(HierarchicalTestExecutor.java:57)
	at org.junit.platform.engine.support.hierarchical.HierarchicalTestEngine.execute(HierarchicalTestEngine.java:54)
	at org.junit.platform.launcher.core.EngineExecutionOrchestrator.execute(EngineExecutionOrchestrator.java:201)
	at org.junit.platform.launcher.core.EngineExecutionOrchestrator.execute(EngineExecutionOrchestrator.java:170)
	at org.junit.platform.launcher.core.EngineExecutionOrchestrator.execute(EngineExecutionOrchestrator.java:94)
	at org.junit.platform.launcher.core.EngineExecutionOrchestrator.lambda$execute$0(EngineExecutionOrchestrator.java:59)
	at org.junit.platform.launcher.core.EngineExecutionOrchestrator.withInterceptedStreams(EngineExecutionOrchestrator.java:142)
	at org.junit.platform.launcher.core.EngineExecutionOrchestrator.execute(EngineExecutionOrchestrator.java:58)
	at org.junit.platform.launcher.core.DefaultLauncher.execute(DefaultLauncher.java:103)
	at org.junit.platform.launcher.core.DefaultLauncher.execute(DefaultLauncher.java:85)
	at org.junit.platform.launcher.core.DelegatingLauncher.execute(DelegatingLauncher.java:47)
	at org.junit.platform.launcher.core.InterceptingLauncher.lambda$execute$1(InterceptingLauncher.java:39)
	at org.junit.platform.launcher.core.ClasspathAlignmentCheckingLauncherInterceptor.intercept(ClasspathAlignmentCheckingLauncherInterceptor.java:25)
	at org.junit.platform.launcher.core.InterceptingLauncher.execute(InterceptingLauncher.java:38)
	at org.junit.platform.launcher.core.DelegatingLauncher.execute(DelegatingLauncher.java:47)
	at org.apache.maven.surefire.junitplatform.LazyLauncher.execute(LazyLauncher.java:56)
	at org.apache.maven.surefire.junitplatform.JUnitPlatformProvider.execute(JUnitPlatformProvider.java:194)
	at org.apache.maven.surefire.junitplatform.JUnitPlatformProvider.invokeAllTests(JUnitPlatformProvider.java:150)
	at org.apache.maven.surefire.junitplatform.JUnitPlatformProvider.invoke(JUnitPlatformProvider.java:124)
	at org.apache.maven.surefire.booter.ForkedBooter.runSuitesInProcess(ForkedBooter.java:385)
	at org.apache.maven.surefire.booter.ForkedBooter.execute(ForkedBooter.java:162)
	at org.apache.maven.surefire.booter.ForkedBooter.run(ForkedBooter.java:507)
	at org.apache.maven.surefire.booter.ForkedBooter.main(ForkedBooter.java:495)

2025-09-23T08:09:23.237+05:30  INFO 20035 --- [UserRegistration] [           main] [                                                 ] com.netflix.discovery.DiscoveryClient    : Initial registry fetch from primary servers failed
2025-09-23T08:09:23.237+05:30  WARN 20035 --- [UserRegistration] [           main] [                                                 ] com.netflix.discovery.DiscoveryClient    : Using default backup registry implementation which does not do anything.
2025-09-23T08:09:23.237+05:30  INFO 20035 --- [UserRegistration] [           main] [                                                 ] com.netflix.discovery.DiscoveryClient    : Initial registry fetch from backup servers failed
2025-09-23T08:09:23.237+05:30  INFO 20035 --- [UserRegistration] [           main] [                                                 ] com.netflix.discovery.DiscoveryClient    : Starting heartbeat executor: renew interval is: 30
2025-09-23T08:09:23.238+05:30  INFO 20035 --- [UserRegistration] [           main] [                                                 ] c.n.discovery.InstanceInfoReplicator     : InstanceInfoReplicator onDemand update allowed rate per min is 4
2025-09-23T08:09:23.239+05:30  INFO 20035 --- [UserRegistration] [           main] [                                                 ] com.netflix.discovery.DiscoveryClient    : Discovery Client initialized at timestamp 1758595163238 with initial instances count: 0
2025-09-23T08:09:23.242+05:30  INFO 20035 --- [UserRegistration] [           main] [                                                 ] o.s.c.n.e.s.EurekaServiceRegistry        : Registering application USERREGISTRATION with eureka with status UP
2025-09-23T08:09:23.243+05:30  INFO 20035 --- [UserRegistration] [           main] [                                                 ] com.netflix.discovery.DiscoveryClient    : Saw local status change event StatusChangeEvent [timestamp=1758595163243, current=UP, previous=STARTING]
2025-09-23T08:09:23.244+05:30  INFO 20035 --- [UserRegistration] [foReplicator-%d] [                                                 ] com.netflix.discovery.DiscoveryClient    : DiscoveryClient_USERREGISTRATION/192.168.0.102:UserRegistration:8761: registering service...
2025-09-23T08:09:23.265+05:30  INFO 20035 --- [UserRegistration] [foReplicator-%d] [                                                 ] c.n.d.s.t.d.RedirectingEurekaHttpClient  : Request execution error. endpoint=DefaultEndpoint{ serviceUrl='http://localhost:8760/eureka/}, exception=I/O error on POST request for "http://localhost:8760/eureka/apps/USERREGISTRATION": Connect to http://localhost:8760 failed: Connection refused stacktrace=org.springframework.web.client.ResourceAccessException: I/O error on POST request for "http://localhost:8760/eureka/apps/USERREGISTRATION": Connect to http://localhost:8760 failed: Connection refused
	at org.springframework.web.client.RestTemplate.createResourceAccessException(RestTemplate.java:926)
	at org.springframework.web.client.RestTemplate.doExecute(RestTemplate.java:906)
	at org.springframework.web.client.RestTemplate.execute(RestTemplate.java:841)
	at org.springframework.web.client.RestTemplate.exchange(RestTemplate.java:702)
	at org.springframework.cloud.netflix.eureka.http.RestTemplateEurekaHttpClient.register(RestTemplateEurekaHttpClient.java:87)
	at com.netflix.discovery.shared.transport.decorator.EurekaHttpClientDecorator$1.execute(EurekaHttpClientDecorator.java:59)
	at com.netflix.discovery.shared.transport.decorator.RedirectingEurekaHttpClient.executeOnNewServer(RedirectingEurekaHttpClient.java:121)
	at com.netflix.discovery.shared.transport.decorator.RedirectingEurekaHttpClient.execute(RedirectingEurekaHttpClient.java:80)
	at com.netflix.discovery.shared.transport.decorator.EurekaHttpClientDecorator.register(EurekaHttpClientDecorator.java:56)
	at com.netflix.discovery.shared.transport.decorator.EurekaHttpClientDecorator$1.execute(EurekaHttpClientDecorator.java:59)
	at com.netflix.discovery.shared.transport.decorator.RetryableEurekaHttpClient.execute(RetryableEurekaHttpClient.java:120)
	at com.netflix.discovery.shared.transport.decorator.EurekaHttpClientDecorator.register(EurekaHttpClientDecorator.java:56)
	at com.netflix.discovery.shared.transport.decorator.EurekaHttpClientDecorator$1.execute(EurekaHttpClientDecorator.java:59)
	at com.netflix.discovery.shared.transport.decorator.SessionedEurekaHttpClient.execute(SessionedEurekaHttpClient.java:76)
	at com.netflix.discovery.shared.transport.decorator.EurekaHttpClientDecorator.register(EurekaHttpClientDecorator.java:56)
	at com.netflix.discovery.DiscoveryClient.register(DiscoveryClient.java:828)
	at com.netflix.discovery.InstanceInfoReplicator.run(InstanceInfoReplicator.java:125)
	at com.netflix.discovery.InstanceInfoReplicator$2.run(InstanceInfoReplicator.java:105)
	at java.base/java.util.concurrent.Executors$RunnableAdapter.call(Executors.java:539)
	at java.base/java.util.concurrent.FutureTask.run(FutureTask.java:264)
	at java.base/java.util.concurrent.ScheduledThreadPoolExecutor$ScheduledFutureTask.run(ScheduledThreadPoolExecutor.java:304)
	at java.base/java.util.concurrent.ThreadPoolExecutor.runWorker(ThreadPoolExecutor.java:1136)
	at java.base/java.util.concurrent.ThreadPoolExecutor$Worker.run(ThreadPoolExecutor.java:635)
	at java.base/java.lang.Thread.run(Thread.java:842)
Caused by: org.apache.hc.client5.http.HttpHostConnectException: Connect to http://localhost:8760 failed: Connection refused
	at java.base/sun.nio.ch.Net.pollConnect(Native Method)
	at java.base/sun.nio.ch.Net.pollConnectNow(Net.java:672)
	at java.base/sun.nio.ch.NioSocketImpl.timedFinishConnect(NioSocketImpl.java:554)
	at java.base/sun.nio.ch.NioSocketImpl.connect(NioSocketImpl.java:602)
	at java.base/java.net.SocksSocketImpl.connect(SocksSocketImpl.java:327)
	at java.base/java.net.Socket.connect(Socket.java:633)
	at org.apache.hc.client5.http.impl.io.DefaultHttpClientConnectionOperator.connect(DefaultHttpClientConnectionOperator.java:205)
	at org.apache.hc.client5.http.impl.io.PoolingHttpClientConnectionManager.connect(PoolingHttpClientConnectionManager.java:490)
	at org.apache.hc.client5.http.impl.classic.InternalExecRuntime.connectEndpoint(InternalExecRuntime.java:164)
	at org.apache.hc.client5.http.impl.classic.InternalExecRuntime.connectEndpoint(InternalExecRuntime.java:174)
	at org.apache.hc.client5.http.impl.classic.ConnectExec.execute(ConnectExec.java:144)
	at org.apache.hc.client5.http.impl.classic.ExecChainElement.execute(ExecChainElement.java:51)
	at org.apache.hc.client5.http.impl.classic.ProtocolExec.execute(ProtocolExec.java:195)
	at org.apache.hc.client5.http.impl.classic.ExecChainElement.execute(ExecChainElement.java:51)
	at org.apache.hc.client5.http.impl.classic.ContentCompressionExec.execute(ContentCompressionExec.java:150)
	at org.apache.hc.client5.http.impl.classic.ExecChainElement.execute(ExecChainElement.java:51)
	at org.apache.hc.client5.http.impl.classic.HttpRequestRetryExec.execute(HttpRequestRetryExec.java:113)
	at org.apache.hc.client5.http.impl.classic.ExecChainElement.execute(ExecChainElement.java:51)
	at org.apache.hc.client5.http.impl.classic.RedirectExec.execute(RedirectExec.java:110)
	at org.apache.hc.client5.http.impl.classic.ExecChainElement.execute(ExecChainElement.java:51)
	at org.apache.hc.client5.http.impl.classic.InternalHttpClient.doExecute(InternalHttpClient.java:185)
	at org.apache.hc.client5.http.impl.classic.CloseableHttpClient.execute(CloseableHttpClient.java:87)
	at org.apache.hc.client5.http.impl.classic.CloseableHttpClient.execute(CloseableHttpClient.java:55)
	at org.apache.hc.client5.http.classic.HttpClient.executeOpen(HttpClient.java:183)
	at org.springframework.http.client.HttpComponentsClientHttpRequest.executeInternal(HttpComponentsClientHttpRequest.java:99)
	at org.springframework.http.client.AbstractStreamingClientHttpRequest.executeInternal(AbstractStreamingClientHttpRequest.java:71)
	at org.springframework.http.client.AbstractClientHttpRequest.execute(AbstractClientHttpRequest.java:81)
	at org.springframework.http.client.InterceptingClientHttpRequest$InterceptingRequestExecution.execute(InterceptingClientHttpRequest.java:117)
	at org.springframework.cloud.netflix.eureka.http.RestTemplateTransportClientFactory.lambda$restTemplate$2(RestTemplateTransportClientFactory.java:145)
	at org.springframework.http.client.InterceptingClientHttpRequest$InterceptingRequestExecution.execute(InterceptingClientHttpRequest.java:88)
	at org.springframework.http.client.InterceptingClientHttpRequest.executeInternal(InterceptingClientHttpRequest.java:72)
	at org.springframework.http.client.AbstractBufferingClientHttpRequest.executeInternal(AbstractBufferingClientHttpRequest.java:48)
	at org.springframework.http.client.AbstractClientHttpRequest.execute(AbstractClientHttpRequest.java:81)
	at org.springframework.web.client.RestTemplate.doExecute(RestTemplate.java:900)
	... 22 more

2025-09-23T08:09:23.265+05:30  WARN 20035 --- [UserRegistration] [foReplicator-%d] [                                                 ] c.n.d.s.t.d.RetryableEurekaHttpClient    : Request execution failed with message: I/O error on POST request for "http://localhost:8760/eureka/apps/USERREGISTRATION": Connect to http://localhost:8760 failed: Connection refused
2025-09-23T08:09:23.265+05:30  WARN 20035 --- [UserRegistration] [foReplicator-%d] [                                                 ] com.netflix.discovery.DiscoveryClient    : DiscoveryClient_USERREGISTRATION/192.168.0.102:UserRegistration:8761 - registration failed Cannot execute request on any known server

com.netflix.discovery.shared.transport.TransportException: Cannot execute request on any known server
	at com.netflix.discovery.shared.transport.decorator.RetryableEurekaHttpClient.execute(RetryableEurekaHttpClient.java:112) ~[eureka-client-2.0.4.jar:2.0.4]
	at com.netflix.discovery.shared.transport.decorator.EurekaHttpClientDecorator.register(EurekaHttpClientDecorator.java:56) ~[eureka-client-2.0.4.jar:2.0.4]
	at com.netflix.discovery.shared.transport.decorator.EurekaHttpClientDecorator$1.execute(EurekaHttpClientDecorator.java:59) ~[eureka-client-2.0.4.jar:2.0.4]
	at com.netflix.discovery.shared.transport.decorator.SessionedEurekaHttpClient.execute(SessionedEurekaHttpClient.java:76) ~[eureka-client-2.0.4.jar:2.0.4]
	at com.netflix.discovery.shared.transport.decorator.EurekaHttpClientDecorator.register(EurekaHttpClientDecorator.java:56) ~[eureka-client-2.0.4.jar:2.0.4]
	at com.netflix.discovery.DiscoveryClient.register(DiscoveryClient.java:828) ~[eureka-client-2.0.4.jar:2.0.4]
	at com.netflix.discovery.InstanceInfoReplicator.run(InstanceInfoReplicator.java:125) ~[eureka-client-2.0.4.jar:2.0.4]
	at com.netflix.discovery.InstanceInfoReplicator$2.run(InstanceInfoReplicator.java:105) ~[eureka-client-2.0.4.jar:2.0.4]
	at java.base/java.util.concurrent.Executors$RunnableAdapter.call(Executors.java:539) ~[na:na]
	at java.base/java.util.concurrent.FutureTask.run(FutureTask.java:264) ~[na:na]
	at java.base/java.util.concurrent.ScheduledThreadPoolExecutor$ScheduledFutureTask.run(ScheduledThreadPoolExecutor.java:304) ~[na:na]
	at java.base/java.util.concurrent.ThreadPoolExecutor.runWorker(ThreadPoolExecutor.java:1136) ~[na:na]
	at java.base/java.util.concurrent.ThreadPoolExecutor$Worker.run(ThreadPoolExecutor.java:635) ~[na:na]
	at java.base/java.lang.Thread.run(Thread.java:842) ~[na:na]

2025-09-23T08:09:23.265+05:30  WARN 20035 --- [UserRegistration] [foReplicator-%d] [                                                 ] c.n.discovery.InstanceInfoReplicator     : There was a problem with the instance info replicator

com.netflix.discovery.shared.transport.TransportException: Cannot execute request on any known server
	at com.netflix.discovery.shared.transport.decorator.RetryableEurekaHttpClient.execute(RetryableEurekaHttpClient.java:112) ~[eureka-client-2.0.4.jar:2.0.4]
	at com.netflix.discovery.shared.transport.decorator.EurekaHttpClientDecorator.register(EurekaHttpClientDecorator.java:56) ~[eureka-client-2.0.4.jar:2.0.4]
	at com.netflix.discovery.shared.transport.decorator.EurekaHttpClientDecorator$1.execute(EurekaHttpClientDecorator.java:59) ~[eureka-client-2.0.4.jar:2.0.4]
	at com.netflix.discovery.shared.transport.decorator.SessionedEurekaHttpClient.execute(SessionedEurekaHttpClient.java:76) ~[eureka-client-2.0.4.jar:2.0.4]
	at com.netflix.discovery.shared.transport.decorator.EurekaHttpClientDecorator.register(EurekaHttpClientDecorator.java:56) ~[eureka-client-2.0.4.jar:2.0.4]
	at com.netflix.discovery.DiscoveryClient.register(DiscoveryClient.java:828) ~[eureka-client-2.0.4.jar:2.0.4]
	at com.netflix.discovery.InstanceInfoReplicator.run(InstanceInfoReplicator.java:125) ~[eureka-client-2.0.4.jar:2.0.4]
	at com.netflix.discovery.InstanceInfoReplicator$2.run(InstanceInfoReplicator.java:105) ~[eureka-client-2.0.4.jar:2.0.4]
	at java.base/java.util.concurrent.Executors$RunnableAdapter.call(Executors.java:539) ~[na:na]
	at java.base/java.util.concurrent.FutureTask.run(FutureTask.java:264) ~[na:na]
	at java.base/java.util.concurrent.ScheduledThreadPoolExecutor$ScheduledFutureTask.run(ScheduledThreadPoolExecutor.java:304) ~[na:na]
	at java.base/java.util.concurrent.ThreadPoolExecutor.runWorker(ThreadPoolExecutor.java:1136) ~[na:na]
	at java.base/java.util.concurrent.ThreadPoolExecutor$Worker.run(ThreadPoolExecutor.java:635) ~[na:na]
	at java.base/java.lang.Thread.run(Thread.java:842) ~[na:na]

2025-09-23T08:09:23.267+05:30  INFO 20035 --- [UserRegistration] [           main] [                                                 ] c.U.UserRegistrationApplicationTests     : Started UserRegistrationApplicationTests in 43.165 seconds (process running for 43.759)
]]></system-out>
  </testcase>
</testsuite>